#
# A fatal error has been detected by the Java Runtime Environment:
#
#  SIGSEGV (0xb) at pc=0x00007f610c7087a5, pid=57718, tid=57737
#
# JRE version: OpenJDK Runtime Environment Temurin-17.0.11+9 (17.0.11+9) (build 17.0.11+9)
# Java VM: OpenJDK 64-Bit Server VM Temurin-17.0.11+9 (17.0.11+9, mixed mode, sharing, tiered, compressed oops, compressed class ptrs, g1 gc, linux-amd64)
# Problematic frame:
# V  [libjvm.so+0x3087a5]  MachNode::ideal_reg() const+0x5
#
# Core dump will be written. Default location: Core dumps may be processed with "/usr/lib/systemd/systemd-coredump %P %u %g %s %t %c %h" (or dumping to /home/andrea/code-with-quarkus/core.57718)
#
# If you would like to submit a bug report, please visit:
#   https://github.com/adoptium/adoptium-support/issues
#

---------------  S U M M A R Y ------------

Command Line: -Dmaven.multiModuleProjectDirectory=/home/andrea/code-with-quarkus org.apache.maven.wrapper.MavenWrapperMain -Dstyle.color=always -DquarkusRegistryClient=true quarkus:dev

Host: Intel(R) Core(TM) i5-8365U CPU @ 1.60GHz, 8 cores, 14G, Debian GNU/Linux trixie/sid
Time: Sun Jun 23 12:15:45 2024 CEST elapsed time: 4.474071 seconds (0d 0h 0m 4s)

---------------  T H R E A D  ---------------

Current thread (0x00007f610818c0a0):  JavaThread "C2 CompilerThread0" daemon [_thread_in_native, id=57737, stack(0x00007f60e43fd000,0x00007f60e44fd000)]


Current CompileTask:
C2:   4474 6171   !   4       org.eclipse.aether.internal.impl.collect.df.DfDependencyCollector::processDependency (684 bytes)

Stack: [0x00007f60e43fd000,0x00007f60e44fd000],  sp=0x00007f60e44f83c0,  free space=1004k
Native frames: (J=compiled Java code, j=interpreted, Vv=VM code, C=native code)
V  [libjvm.so+0x3087a5]  MachNode::ideal_reg() const+0x5
V  [libjvm.so+0x5424cb]  PhaseChaitin::Register_Allocate()+0x98b
V  [libjvm.so+0x5d0e29]  Compile::Code_Gen()+0x349
V  [libjvm.so+0x5d68f7]  Compile::Compile(ciEnv*, ciMethod*, int, bool, bool, bool, bool, bool, DirectiveSet*)+0x13f7
V  [libjvm.so+0x5159e9]  C2Compiler::compile_method(ciEnv*, ciMethod*, int, bool, DirectiveSet*)+0xe9
V  [libjvm.so+0x5df333]  CompileBroker::invoke_compiler_on_method(CompileTask*)+0xea3
V  [libjvm.so+0x5e0218]  CompileBroker::compiler_thread_loop()+0x6a8
V  [libjvm.so+0xe61c36]  JavaThread::thread_main_inner()+0x196
V  [libjvm.so+0xe655d8]  Thread::call_run()+0xa8
V  [libjvm.so+0xc26851]  thread_native_entry(Thread*)+0xe1


siginfo: si_signo: 11 (SIGSEGV), si_code: 1 (SEGV_MAPERR), si_addr: 0x00007e605034bc48

Registers:
RAX=0x00007e605034bc48, RBX=0x00007f605034bbf8, RCX=0x0000000000000004, RDX=0x00007f6058a52390
RSP=0x00007f60e44f83c0, RBP=0x00007f60e44f8590, RSI=0x0000000000000003, RDI=0x00007f605034bbf8
R8 =0xffffffffffffffff, R9 =0x00007f6058a52350, R10=0x00007f605034bbf8, R11=0x00007f605034df68
R12=0x00007f605034bbf8, R13=0x00007f6058a53830, R14=0x0000000000000004, R15=0x00007f60e44f8970
RIP=0x00007f610c7087a5, EFLAGS=0x0000000000010206, CSGSFS=0x002b000000000033, ERR=0x0000000000000004
  TRAPNO=0x000000000000000e


Register to memory mapping:

RAX=0x00007e605034bc48 is an unknown value
RBX=0x00007f605034bbf8 points into unknown readable memory: 0x00007f610d629208 | 08 92 62 0d 61 7f 00 00
RCX=0x0000000000000004 is an unknown value
RDX=0x00007f6058a52390 points into unknown readable memory: 0x00007f602c443f10 | 10 3f 44 2c 60 7f 00 00
RSP=0x00007f60e44f83c0 is pointing into the stack for thread: 0x00007f610818c0a0
RBP=0x00007f60e44f8590 is pointing into the stack for thread: 0x00007f610818c0a0
RSI=0x0000000000000003 is an unknown value
RDI=0x00007f605034bbf8 points into unknown readable memory: 0x00007f610d629208 | 08 92 62 0d 61 7f 00 00
R8 =0xffffffffffffffff is an unknown value
R9 =0x00007f6058a52350 points into unknown readable memory: 0x00007f610818a680 | 80 a6 18 08 61 7f 00 00
R10=0x00007f605034bbf8 points into unknown readable memory: 0x00007f610d629208 | 08 92 62 0d 61 7f 00 00
R11=0x00007f605034df68 points into unknown readable memory: 0x00007f610d628f18 | 18 8f 62 0d 61 7f 00 00
R12=0x00007f605034bbf8 points into unknown readable memory: 0x00007f610d629208 | 08 92 62 0d 61 7f 00 00
R13=0x00007f6058a53830 points into unknown readable memory: 0x00007f610818a680 | 80 a6 18 08 61 7f 00 00
R14=0x0000000000000004 is an unknown value
R15=0x00007f60e44f8970 is pointing into the stack for thread: 0x00007f610818c0a0


Top of Stack: (sp=0x00007f60e44f83c0)
0x00007f60e44f83c0:   00007f60e44f8590 00007f610d07732c
0x00007f60e44f83d0:   00007f60e44f84a0 00007f6050342ef8
0x00007f60e44f83e0:   000000000030fee8 00007f610818a680
0x00007f60e44f83f0:   00007f605033af10 00007f605033e5c0
0x00007f60e44f8400:   00000613000001b0 00007f605006dcb8
0x00007f60e44f8410:   00007f60341209f0 00007f605033e5c0
0x00007f60e44f8420:   00007f605006dcb8 0000000000000000
0x00007f60e44f8430:   0000000000000000 0000000500000000
0x00007f60e44f8440:   000000000000000b 0000000000000000
0x00007f60e44f8450:   00007f605006db60 000000000000000b
0x00007f60e44f8460:   0000000000000000 0000000000061740
0x00007f60e44f8470:   0000000000000000 00007f6058a52350
0x00007f60e44f8480:   0000008000000010 00007f6058477a30
0x00007f60e44f8490:   0000000000000000 0000000000000000
0x00007f60e44f84a0:   00007f60e44f0000 0000000000000000
0x00007f60e44f84b0:   00007f60e44f8510 00007f60e44f8500
0x00007f60e44f84c0:   0000752f00000710 00007f610d400c10
0x00007f60e44f84d0:   0000000000000000 0000000000000000
0x00007f60e44f84e0:   0000000000000000 00007f610d400c10
0x00007f60e44f84f0:   00007f6050529c00 00007f6059179e80
0x00007f60e44f8500:   00007f6050770000 0000000000000000
0x00007f60e44f8510:   00007f60e44f0000 0000000000000000
0x00007f60e44f8520:   0000000000000000 00007f610d398b50
0x00007f60e44f8530:   0000000000000000 00007f60e44faea0
0x00007f60e44f8540:   0000000000000000 00007f610d398b50
0x00007f60e44f8550:   0000000000000000 00007f610d398b40
0x00007f60e44f8560:   0000000000000000 00007f60e44f86f0
0x00007f60e44f8570:   00007f60e44f8620 00007f60e44f8760
0x00007f60e44f8580:   00007f60e44f8650 00007f60e44f8970
0x00007f60e44f8590:   00007f60e44f8850 00007f610c9424cb
0x00007f60e44f85a0:   00007f60e44f8620 00007f610d721eb0
0x00007f60e44f85b0:   00007f60e44f85f0 00007f60e44f8690 

Instructions: (pc=0x00007f610c7087a5)
0x00007f610c7086a5:   c3 66 2e 0f 1f 84 00 00 00 00 00 31 c0 c3 66 2e
0x00007f610c7086b5:   0f 1f 84 00 00 00 00 00 0f 1f 00 b8 01 00 00 00
0x00007f610c7086c5:   c3 66 2e 0f 1f 84 00 00 00 00 00 31 c0 c3 66 2e
0x00007f610c7086d5:   0f 1f 84 00 00 00 00 00 0f 1f 00 b8 ff ff ff ff
0x00007f610c7086e5:   c3 66 2e 0f 1f 84 00 00 00 00 00 b8 01 00 00 00
0x00007f610c7086f5:   c3 66 2e 0f 1f 84 00 00 00 00 00 31 c0 c3 66 2e
0x00007f610c708705:   0f 1f 84 00 00 00 00 00 0f 1f 00 b8 48 00 00 00
0x00007f610c708715:   c3 66 2e 0f 1f 84 00 00 00 00 00 b8 01 00 00 00
0x00007f610c708725:   c3 66 2e 0f 1f 84 00 00 00 00 00 b8 ff ff ff ff
0x00007f610c708735:   c3 66 2e 0f 1f 84 00 00 00 00 00 31 c0 c3 66 2e
0x00007f610c708745:   0f 1f 84 00 00 00 00 00 0f 1f 00 31 c0 c3 66 2e
0x00007f610c708755:   0f 1f 84 00 00 00 00 00 0f 1f 00 31 c0 c3 66 2e
0x00007f610c708765:   0f 1f 84 00 00 00 00 00 0f 1f 00 31 c0 c3 66 2e
0x00007f610c708775:   0f 1f 84 00 00 00 00 00 0f 1f 00 31 c0 c3 66 2e
0x00007f610c708785:   0f 1f 84 00 00 00 00 00 0f 1f 00 48 89 f8 c3 66
0x00007f610c708795:   2e 0f 1f 84 00 00 00 00 00 66 90 55 48 8b 47 40
0x00007f610c7087a5:   48 8b 38 48 89 e5 48 8b 07 ff 90 d8 00 00 00 48
0x00007f610c7087b5:   8d 15 b5 7c 03 01 48 39 02 74 18 48 63 40 10 5d
0x00007f610c7087c5:   48 c1 e0 05 48 03 05 b8 24 fb 00 8b 40 14 c3 0f
0x00007f610c7087d5:   1f 40 00 b8 0f 00 00 00 5d c3 90 31 c0 c3 66 2e
0x00007f610c7087e5:   0f 1f 84 00 00 00 00 00 0f 1f 00 31 c0 c3 66 2e
0x00007f610c7087f5:   0f 1f 84 00 00 00 00 00 0f 1f 00 31 c0 c3 66 2e
0x00007f610c708805:   0f 1f 84 00 00 00 00 00 0f 1f 00 31 c0 c3 66 2e
0x00007f610c708815:   0f 1f 84 00 00 00 00 00 0f 1f 00 b8 7f 96 98 00
0x00007f610c708825:   c3 66 2e 0f 1f 84 00 00 00 00 00 48 8b 47 40 48
0x00007f610c708835:   85 c0 74 0f 48 8b 38 48 8b 07 ff a0 d8 00 00 00
0x00007f610c708845:   0f 1f 00 48 8d 05 e9 7c 03 01 48 8b 00 c3 66 2e
0x00007f610c708855:   0f 1f 84 00 00 00 00 00 0f 1f 00 48 8b 47 48 c3
0x00007f610c708865:   66 2e 0f 1f 84 00 00 00 00 00 90 48 8d 05 79 7a
0x00007f610c708875:   03 01 48 8b 00 c3 0f 1f 44 00 00 b8 04 00 00 00
0x00007f610c708885:   c3 66 2e 0f 1f 84 00 00 00 00 00 b8 01 00 00 00
0x00007f610c708895:   c3 66 2e 0f 1f 84 00 00 00 00 00 48 8d 05 39 a4 


Stack slot to memory mapping:
stack at sp + 0 slots: 0x00007f60e44f8590 is pointing into the stack for thread: 0x00007f610818c0a0
stack at sp + 1 slots: 0x00007f610d07732c: <offset 0x0000000000c7732c> in /home/andrea/.jbang/cache/jdks/17/lib/server/libjvm.so at 0x00007f610c400000
stack at sp + 2 slots: 0x00007f60e44f84a0 is pointing into the stack for thread: 0x00007f610818c0a0
stack at sp + 3 slots: 0x00007f6050342ef8 points into unknown readable memory: 0x0000000000007ff5 | f5 7f 00 00 00 00 00 00
stack at sp + 4 slots: 0x000000000030fee8 is an unknown value
stack at sp + 5 slots: 0x00007f610818a680 points into unknown readable memory: 0x0000000700000006 | 06 00 00 00 07 00 00 00
stack at sp + 6 slots: 0x00007f605033af10 points into unknown readable memory: 0x00007f60341209e0 | e0 09 12 34 60 7f 00 00
stack at sp + 7 slots: 0x00007f605033e5c0 points into unknown readable memory: 0x0000000000000000 | 00 00 00 00 00 00 00 00


---------------  P R O C E S S  ---------------

Threads class SMR info:
_java_thread_list=0x00007f5fe00043a0, length=20, elements={
0x00007f6108025df0, 0x00007f61081815b0, 0x00007f61081829a0, 0x00007f6108187f00,
0x00007f61081892c0, 0x00007f610818a6e0, 0x00007f610818c0a0, 0x00007f610818d5e0,
0x00007f6108196a50, 0x00007f610819e180, 0x00007f61081a1e40, 0x00007f605809ec60,
0x00007f60502f93a0, 0x00007f61094ad8e0, 0x00007f5ff00036b0, 0x00007f5fec003790,
0x00007f5ff0008910, 0x00007f5fe4003010, 0x00007f5fd8003010, 0x00007f5fe0003010
}

Java Threads: ( => current thread )
  0x00007f6108025df0 JavaThread "main" [_thread_in_Java, id=57725, stack(0x00007f610c300000,0x00007f610c400000)]
  0x00007f61081815b0 JavaThread "Reference Handler" daemon [_thread_blocked, id=57732, stack(0x00007f60e4bf5000,0x00007f60e4cf5000)]
  0x00007f61081829a0 JavaThread "Finalizer" daemon [_thread_blocked, id=57733, stack(0x00007f60e4af4000,0x00007f60e4bf4000)]
  0x00007f6108187f00 JavaThread "Signal Dispatcher" daemon [_thread_blocked, id=57734, stack(0x00007f60e4700000,0x00007f60e4800000)]
  0x00007f61081892c0 JavaThread "Service Thread" daemon [_thread_blocked, id=57735, stack(0x00007f60e45ff000,0x00007f60e46ff000)]
  0x00007f610818a6e0 JavaThread "Monitor Deflation Thread" daemon [_thread_blocked, id=57736, stack(0x00007f60e44fe000,0x00007f60e45fe000)]
=>0x00007f610818c0a0 JavaThread "C2 CompilerThread0" daemon [_thread_in_native, id=57737, stack(0x00007f60e43fd000,0x00007f60e44fd000)]
  0x00007f610818d5e0 JavaThread "C1 CompilerThread0" daemon [_thread_blocked, id=57738, stack(0x00007f60e42fc000,0x00007f60e43fc000)]
  0x00007f6108196a50 JavaThread "Sweeper thread" daemon [_thread_blocked, id=57739, stack(0x00007f60e41fb000,0x00007f60e42fb000)]
  0x00007f610819e180 JavaThread "Notification Thread" daemon [_thread_blocked, id=57740, stack(0x00007f60e40fa000,0x00007f60e41fa000)]
  0x00007f61081a1e40 JavaThread "Common-Cleaner" daemon [_thread_blocked, id=57742, stack(0x00007f60dfdff000,0x00007f60dfeff000)]
  0x00007f605809ec60 JavaThread "C2 CompilerThread1" daemon [_thread_in_native, id=57743, stack(0x00007f60dfcfe000,0x00007f60dfdfe000)]
  0x00007f60502f93a0 JavaThread "C2 CompilerThread2" daemon [_thread_in_native, id=57744, stack(0x00007f60dfbfd000,0x00007f60dfcfd000)]
  0x00007f61094ad8e0 JavaThread "ForkJoinPool.commonPool-worker-1" daemon [_thread_blocked, id=57787, stack(0x00007f60deef8000,0x00007f60deff8000)]
  0x00007f5ff00036b0 JavaThread "ForkJoinPool.commonPool-worker-2" daemon [_thread_blocked, id=57788, stack(0x00007f60dedf7000,0x00007f60deef7000)]
  0x00007f5fec003790 JavaThread "ForkJoinPool.commonPool-worker-3" daemon [_thread_blocked, id=57789, stack(0x00007f60decf6000,0x00007f60dedf6000)]
  0x00007f5ff0008910 JavaThread "ForkJoinPool.commonPool-worker-4" daemon [_thread_blocked, id=57790, stack(0x00007f60debf5000,0x00007f60decf5000)]
  0x00007f5fe4003010 JavaThread "ForkJoinPool.commonPool-worker-5" daemon [_thread_blocked, id=57791, stack(0x00007f60deaf4000,0x00007f60debf4000)]
  0x00007f5fd8003010 JavaThread "ForkJoinPool.commonPool-worker-7" daemon [_thread_blocked, id=57792, stack(0x00007f60de9f3000,0x00007f60deaf3000)]
  0x00007f5fe0003010 JavaThread "ForkJoinPool.commonPool-worker-6" daemon [_thread_blocked, id=57793, stack(0x00007f60de8f2000,0x00007f60de9f2000)]

Other Threads:
  0x00007f610817d620 VMThread "VM Thread" [stack: 0x00007f60e4cf6000,0x00007f60e4df6000] [id=57731] _threads_hazard_ptr=0x00007f5fe00043a0
  0x00007f610819fad0 WatcherThread [stack: 0x00007f60dff00000,0x00007f60e0000000] [id=57741]
  0x00007f610808e500 GCTaskThread "GC Thread#0" [stack: 0x00007f60e7b00000,0x00007f60e7c00000] [id=57726]
  0x00007f607c005ed0 GCTaskThread "GC Thread#1" [stack: 0x00007f60dfafc000,0x00007f60dfbfc000] [id=57745]
  0x00007f607c006910 GCTaskThread "GC Thread#2" [stack: 0x00007f60df700000,0x00007f60df800000] [id=57746]
  0x00007f607c007350 GCTaskThread "GC Thread#3" [stack: 0x00007f60df5ff000,0x00007f60df6ff000] [id=57747]
  0x00007f607c008180 GCTaskThread "GC Thread#4" [stack: 0x00007f60df4fe000,0x00007f60df5fe000] [id=57748]
  0x00007f607c00c720 GCTaskThread "GC Thread#5" [stack: 0x00007f60df3fd000,0x00007f60df4fd000] [id=57754]
  0x00007f607c00d080 GCTaskThread "GC Thread#6" [stack: 0x00007f60df2fc000,0x00007f60df3fc000] [id=57755]
  0x00007f607c010040 GCTaskThread "GC Thread#7" [stack: 0x00007f60df1fb000,0x00007f60df2fb000] [id=57756]
  0x00007f610809ea20 ConcurrentGCThread "G1 Main Marker" [stack: 0x00007f60e79ff000,0x00007f60e7aff000] [id=57727]
  0x00007f610809f990 ConcurrentGCThread "G1 Conc#0" [stack: 0x00007f60e78fe000,0x00007f60e79fe000] [id=57728]
  0x00007f60d8000eb0 ConcurrentGCThread "G1 Conc#1" [stack: 0x00007f60deff9000,0x00007f60df0f9000] [id=57786]
  0x00007f610814e8b0 ConcurrentGCThread "G1 Refine#0" [stack: 0x00007f60e4ef8000,0x00007f60e4ff8000] [id=57729]
  0x00007f60cc000eb0 ConcurrentGCThread "G1 Refine#1" [stack: 0x00007f60df0fa000,0x00007f60df1fa000] [id=57771]
  0x00007f5ffc000eb0 ConcurrentGCThread "G1 Refine#2" [stack: 0x00007f60de7f1000,0x00007f60de8f1000] [id=57794]
  0x00007f5fc8000eb0 ConcurrentGCThread "G1 Refine#3" [stack: 0x00007f60de6f0000,0x00007f60de7f0000] [id=57795]
  0x00007f5fc0000eb0 ConcurrentGCThread "G1 Refine#4" [stack: 0x00007f60de5ef000,0x00007f60de6ef000] [id=57796]
  0x00007f5fbc000eb0 ConcurrentGCThread "G1 Refine#5" [stack: 0x00007f60de4ee000,0x00007f60de5ee000] [id=57797]
  0x00007f610814f7b0 ConcurrentGCThread "G1 Service" [stack: 0x00007f60e4df7000,0x00007f60e4ef7000] [id=57730]

Threads with active compile tasks:
C2 CompilerThread0     4480 6171   !   4       org.eclipse.aether.internal.impl.collect.df.DfDependencyCollector::processDependency (684 bytes)
C2 CompilerThread1     4480 6247       4       org.eclipse.aether.util.graph.transformer.ConflictResolver$State::push (457 bytes)
C2 CompilerThread2     4480 6229       4       org.codehaus.plexus.util.xml.Xpp3Dom::mergeIntoXpp3Dom (518 bytes)

VM state: synchronizing (normal execution)

VM Mutex/Monitor currently owned by a thread:  ([mutex/lock_event])
[0x00007f6108022f90] Threads_lock - owner thread: 0x00007f610817d620
[0x00007f6108023740] Heap_lock - owner thread: 0x00007f610809ea20

Heap address: 0x0000000710600000, size: 3834 MB, Compressed Oops mode: Zero based, Oop shift amount: 3

CDS archive(s) mapped at: [0x00007f6087000000-0x00007f6087bc6000-0x00007f6087bc6000), size 12345344, SharedBaseAddress: 0x00007f6087000000, ArchiveRelocationMode: 1.
Compressed class space mapped at: 0x00007f6088000000-0x00007f60c8000000, reserved size: 1073741824
Narrow klass base: 0x00007f6087000000, Narrow klass shift: 0, Narrow klass range: 0x100000000

GC Precious Log:
 CPUs: 8 total, 8 available
 Memory: 15335M
 Large Page Support: Disabled
 NUMA Support: Disabled
 Compressed Oops: Enabled (Zero based)
 Heap Region Size: 2M
 Heap Min Capacity: 8M
 Heap Initial Capacity: 240M
 Heap Max Capacity: 3834M
 Pre-touch: Disabled
 Parallel Workers: 8
 Concurrent Workers: 2
 Concurrent Refinement Workers: 8
 Periodic GC: Disabled

Heap:
 garbage-first heap   total 294912K, used 185600K [0x0000000710600000, 0x0000000800000000)
  region size 2048K, 25 young (51200K), 5 survivors (10240K)
 Metaspace       used 23641K, committed 24000K, reserved 1114112K
  class space    used 2594K, committed 2752K, reserved 1048576K

Heap Regions: E=young(eden), S=young(survivor), O=old, HS=humongous(starts), HC=humongous(continues), CS=collection set, F=free, OA=open archive, CA=closed archive, TAMS=top-at-mark-start (previous, next)
|   0|0x0000000710600000, 0x0000000710800000, 0x0000000710800000|100%| O|  |TAMS 0x0000000710800000, 0x0000000710600000| Untracked 
|   1|0x0000000710800000, 0x0000000710a00000, 0x0000000710a00000|100%| O|  |TAMS 0x0000000710a00000, 0x0000000710800000| Untracked 
|   2|0x0000000710a00000, 0x0000000710c00000, 0x0000000710c00000|100%| O|  |TAMS 0x0000000710c00000, 0x0000000710a00000| Untracked 
|   3|0x0000000710c00000, 0x0000000710e00000, 0x0000000710e00000|100%| O|  |TAMS 0x0000000710e00000, 0x0000000710c00000| Untracked 
|   4|0x0000000710e00000, 0x0000000711000000, 0x0000000711000000|100%| O|  |TAMS 0x0000000711000000, 0x0000000710e00000| Untracked 
|   5|0x0000000711000000, 0x0000000711200000, 0x0000000711200000|100%| O|  |TAMS 0x0000000711200000, 0x0000000711000000| Untracked 
|   6|0x0000000711200000, 0x0000000711400000, 0x0000000711400000|100%| O|  |TAMS 0x0000000711400000, 0x0000000711200000| Untracked 
|   7|0x0000000711400000, 0x0000000711600000, 0x0000000711600000|100%| O|  |TAMS 0x0000000711600000, 0x0000000711400000| Untracked 
|   8|0x0000000711600000, 0x0000000711800000, 0x0000000711800000|100%| O|  |TAMS 0x0000000711800000, 0x0000000711600000| Untracked 
|   9|0x0000000711800000, 0x0000000711a00000, 0x0000000711a00000|100%| O|  |TAMS 0x0000000711a00000, 0x0000000711800000| Untracked 
|  10|0x0000000711a00000, 0x0000000711c00000, 0x0000000711c00000|100%| O|  |TAMS 0x0000000711c00000, 0x0000000711a00000| Untracked 
|  11|0x0000000711c00000, 0x0000000711e00000, 0x0000000711e00000|100%| O|  |TAMS 0x0000000711e00000, 0x0000000711c00000| Untracked 
|  12|0x0000000711e00000, 0x0000000712000000, 0x0000000712000000|100%| O|  |TAMS 0x0000000712000000, 0x0000000711e00000| Untracked 
|  13|0x0000000712000000, 0x0000000712200000, 0x0000000712200000|100%| O|  |TAMS 0x0000000712200000, 0x0000000712000000| Untracked 
|  14|0x0000000712200000, 0x0000000712400000, 0x0000000712400000|100%| O|  |TAMS 0x0000000712400000, 0x0000000712200000| Untracked 
|  15|0x0000000712400000, 0x0000000712600000, 0x0000000712600000|100%| O|  |TAMS 0x0000000712600000, 0x0000000712400000| Untracked 
|  16|0x0000000712600000, 0x0000000712800000, 0x0000000712800000|100%| O|  |TAMS 0x0000000712800000, 0x0000000712600000| Untracked 
|  17|0x0000000712800000, 0x0000000712a00000, 0x0000000712a00000|100%| O|  |TAMS 0x0000000712a00000, 0x0000000712800000| Untracked 
|  18|0x0000000712a00000, 0x0000000712c00000, 0x0000000712c00000|100%| O|  |TAMS 0x0000000712c00000, 0x0000000712a00000| Untracked 
|  19|0x0000000712c00000, 0x0000000712e00000, 0x0000000712e00000|100%| O|  |TAMS 0x0000000712e00000, 0x0000000712c00000| Updating 
|  20|0x0000000712e00000, 0x0000000713000000, 0x0000000713000000|100%| O|  |TAMS 0x0000000713000000, 0x0000000712e00000| Untracked 
|  21|0x0000000713000000, 0x0000000713200000, 0x0000000713200000|100%| O|  |TAMS 0x0000000713200000, 0x0000000713000000| Untracked 
|  22|0x0000000713200000, 0x0000000713400000, 0x0000000713400000|100%| O|  |TAMS 0x0000000713400000, 0x0000000713200000| Untracked 
|  23|0x0000000713400000, 0x0000000713600000, 0x0000000713600000|100%| O|  |TAMS 0x0000000713600000, 0x0000000713400000| Untracked 
|  24|0x0000000713600000, 0x0000000713800000, 0x0000000713800000|100%| O|  |TAMS 0x0000000713800000, 0x0000000713600000| Untracked 
|  25|0x0000000713800000, 0x0000000713a00000, 0x0000000713a00000|100%| O|  |TAMS 0x0000000713a00000, 0x0000000713800000| Untracked 
|  26|0x0000000713a00000, 0x0000000713c00000, 0x0000000713c00000|100%| O|  |TAMS 0x0000000713c00000, 0x0000000713a00000| Untracked 
|  27|0x0000000713c00000, 0x0000000713e00000, 0x0000000713e00000|100%| O|  |TAMS 0x0000000713e00000, 0x0000000713c00000| Untracked 
|  28|0x0000000713e00000, 0x0000000713f54000, 0x0000000714000000| 66%| O|  |TAMS 0x0000000713f54000, 0x0000000713e00000| Updating 
|  29|0x0000000714000000, 0x0000000714200000, 0x0000000714200000|100%| O|  |TAMS 0x0000000714200000, 0x0000000714000000| Untracked 
|  30|0x0000000714200000, 0x0000000714400000, 0x0000000714400000|100%| O|  |TAMS 0x0000000714400000, 0x0000000714200000| Untracked 
|  31|0x0000000714400000, 0x0000000714600000, 0x0000000714600000|100%| O|  |TAMS 0x0000000714600000, 0x0000000714400000| Untracked 
|  32|0x0000000714600000, 0x0000000714800000, 0x0000000714800000|100%| O|  |TAMS 0x0000000714800000, 0x0000000714600000| Untracked 
|  33|0x0000000714800000, 0x0000000714a00000, 0x0000000714a00000|100%| O|  |TAMS 0x0000000714a00000, 0x0000000714800000| Untracked 
|  34|0x0000000714a00000, 0x0000000714c00000, 0x0000000714c00000|100%| O|  |TAMS 0x0000000714c00000, 0x0000000714a00000| Untracked 
|  35|0x0000000714c00000, 0x0000000714e00000, 0x0000000714e00000|100%| O|  |TAMS 0x0000000714e00000, 0x0000000714c00000| Untracked 
|  36|0x0000000714e00000, 0x0000000715000000, 0x0000000715000000|100%| O|  |TAMS 0x0000000715000000, 0x0000000714e00000| Untracked 
|  37|0x0000000715000000, 0x0000000715200000, 0x0000000715200000|100%| O|  |TAMS 0x0000000715200000, 0x0000000715000000| Untracked 
|  38|0x0000000715200000, 0x0000000715400000, 0x0000000715400000|100%| O|  |TAMS 0x0000000715400000, 0x0000000715200000| Untracked 
|  39|0x0000000715400000, 0x0000000715600000, 0x0000000715600000|100%| O|  |TAMS 0x0000000715600000, 0x0000000715400000| Untracked 
|  40|0x0000000715600000, 0x0000000715800000, 0x0000000715800000|100%| O|  |TAMS 0x0000000715800000, 0x0000000715600000| Untracked 
|  41|0x0000000715800000, 0x0000000715a00000, 0x0000000715a00000|100%| O|  |TAMS 0x0000000715a00000, 0x0000000715800000| Updating 
|  42|0x0000000715a00000, 0x0000000715c00000, 0x0000000715c00000|100%| O|  |TAMS 0x0000000715aa1800, 0x0000000715a00000| Updating 
|  43|0x0000000715c00000, 0x0000000715e00000, 0x0000000715e00000|100%| O|  |TAMS 0x0000000715c00000, 0x0000000715c00000| Untracked 
|  44|0x0000000715e00000, 0x0000000716000000, 0x0000000716000000|100%| O|  |TAMS 0x0000000715e00000, 0x0000000715e00000| Untracked 
|  45|0x0000000716000000, 0x0000000716200000, 0x0000000716200000|100%| O|  |TAMS 0x0000000716000000, 0x0000000716000000| Untracked 
|  46|0x0000000716200000, 0x0000000716400000, 0x0000000716400000|100%| O|  |TAMS 0x0000000716200000, 0x0000000716200000| Untracked 
|  47|0x0000000716400000, 0x0000000716600000, 0x0000000716600000|100%| O|  |TAMS 0x0000000716600000, 0x0000000716400000| Untracked 
|  48|0x0000000716600000, 0x0000000716800000, 0x0000000716800000|100%| O|  |TAMS 0x0000000716800000, 0x0000000716600000| Untracked 
|  49|0x0000000716800000, 0x0000000716a00000, 0x0000000716a00000|100%| O|  |TAMS 0x0000000716a00000, 0x0000000716800000| Untracked 
|  50|0x0000000716a00000, 0x0000000716c00000, 0x0000000716c00000|100%| O|  |TAMS 0x0000000716c00000, 0x0000000716a00000| Untracked 
|  51|0x0000000716c00000, 0x0000000716e00000, 0x0000000716e00000|100%| O|  |TAMS 0x0000000716e00000, 0x0000000716c00000| Untracked 
|  52|0x0000000716e00000, 0x0000000717000000, 0x0000000717000000|100%| O|  |TAMS 0x0000000717000000, 0x0000000716e00000| Untracked 
|  53|0x0000000717000000, 0x0000000717200000, 0x0000000717200000|100%| O|  |TAMS 0x0000000717200000, 0x0000000717000000| Untracked 
|  54|0x0000000717200000, 0x0000000717400000, 0x0000000717400000|100%| O|  |TAMS 0x0000000717400000, 0x0000000717200000| Untracked 
|  55|0x0000000717400000, 0x0000000717600000, 0x0000000717600000|100%| O|  |TAMS 0x0000000717600000, 0x0000000717400000| Untracked 
|  56|0x0000000717600000, 0x0000000717800000, 0x0000000717800000|100%| O|  |TAMS 0x0000000717800000, 0x0000000717600000| Updating 
|  57|0x0000000717800000, 0x0000000717a00000, 0x0000000717a00000|100%| O|  |TAMS 0x0000000717a00000, 0x0000000717800000| Updating 
|  58|0x0000000717a00000, 0x0000000717c00000, 0x0000000717c00000|100%| O|  |TAMS 0x0000000717c00000, 0x0000000717a00000| Updating 
|  59|0x0000000717c00000, 0x0000000717c00000, 0x0000000717e00000|  0%| F|  |TAMS 0x0000000717c00000, 0x0000000717c00000| Untracked 
|  60|0x0000000717e00000, 0x0000000718000000, 0x0000000718000000|100%| O|  |TAMS 0x0000000718000000, 0x0000000717e00000| Updating 
|  61|0x0000000718000000, 0x0000000718200000, 0x0000000718200000|100%| O|  |TAMS 0x0000000718000000, 0x0000000718000000| Untracked 
|  62|0x0000000718200000, 0x0000000718400000, 0x0000000718400000|100%| O|  |TAMS 0x0000000718200000, 0x0000000718200000| Untracked 
|  63|0x0000000718400000, 0x0000000718600000, 0x0000000718600000|100%| O|  |TAMS 0x0000000718400000, 0x0000000718400000| Untracked 
|  64|0x0000000718600000, 0x0000000718800000, 0x0000000718800000|100%| O|  |TAMS 0x0000000718600000, 0x0000000718600000| Untracked 
|  65|0x0000000718800000, 0x0000000718a00000, 0x0000000718a00000|100%| O|  |TAMS 0x0000000718800000, 0x0000000718800000| Untracked 
|  66|0x0000000718a00000, 0x0000000718a00000, 0x0000000718c00000|  0%| F|  |TAMS 0x0000000718a00000, 0x0000000718a00000| Untracked 
|  67|0x0000000718c00000, 0x0000000718c00000, 0x0000000718e00000|  0%| F|  |TAMS 0x0000000718c00000, 0x0000000718c00000| Untracked 
|  68|0x0000000718e00000, 0x0000000718e00000, 0x0000000719000000|  0%| F|  |TAMS 0x0000000718e00000, 0x0000000718e00000| Untracked 
|  69|0x0000000719000000, 0x0000000719000000, 0x0000000719200000|  0%| F|  |TAMS 0x0000000719000000, 0x0000000719000000| Untracked 
|  70|0x0000000719200000, 0x0000000719200000, 0x0000000719400000|  0%| F|  |TAMS 0x0000000719200000, 0x0000000719200000| Untracked 
|  71|0x0000000719400000, 0x0000000719400000, 0x0000000719600000|  0%| F|  |TAMS 0x0000000719400000, 0x0000000719400000| Untracked 
|  72|0x0000000719600000, 0x0000000719600000, 0x0000000719800000|  0%| F|  |TAMS 0x0000000719600000, 0x0000000719600000| Untracked 
|  73|0x0000000719800000, 0x0000000719800000, 0x0000000719a00000|  0%| F|  |TAMS 0x0000000719800000, 0x0000000719800000| Untracked 
|  74|0x0000000719a00000, 0x0000000719a00000, 0x0000000719c00000|  0%| F|  |TAMS 0x0000000719a00000, 0x0000000719a00000| Untracked 
|  75|0x0000000719c00000, 0x0000000719c00000, 0x0000000719e00000|  0%| F|  |TAMS 0x0000000719c00000, 0x0000000719c00000| Untracked 
|  76|0x0000000719e00000, 0x0000000719e00000, 0x000000071a000000|  0%| F|  |TAMS 0x0000000719e00000, 0x0000000719e00000| Untracked 
|  77|0x000000071a000000, 0x000000071a000000, 0x000000071a200000|  0%| F|  |TAMS 0x000000071a000000, 0x000000071a000000| Untracked 
|  78|0x000000071a200000, 0x000000071a200000, 0x000000071a400000|  0%| F|  |TAMS 0x000000071a200000, 0x000000071a200000| Untracked 
|  79|0x000000071a400000, 0x000000071a400000, 0x000000071a600000|  0%| F|  |TAMS 0x000000071a400000, 0x000000071a400000| Untracked 
|  80|0x000000071a600000, 0x000000071a600000, 0x000000071a800000|  0%| F|  |TAMS 0x000000071a600000, 0x000000071a600000| Untracked 
|  81|0x000000071a800000, 0x000000071a800000, 0x000000071aa00000|  0%| F|  |TAMS 0x000000071a800000, 0x000000071a800000| Untracked 
|  82|0x000000071aa00000, 0x000000071aa00000, 0x000000071ac00000|  0%| F|  |TAMS 0x000000071aa00000, 0x000000071aa00000| Untracked 
|  83|0x000000071ac00000, 0x000000071ac00000, 0x000000071ae00000|  0%| F|  |TAMS 0x000000071ac00000, 0x000000071ac00000| Untracked 
|  84|0x000000071ae00000, 0x000000071ae00000, 0x000000071b000000|  0%| F|  |TAMS 0x000000071ae00000, 0x000000071ae00000| Untracked 
|  85|0x000000071b000000, 0x000000071b000000, 0x000000071b200000|  0%| F|  |TAMS 0x000000071b000000, 0x000000071b000000| Untracked 
|  86|0x000000071b200000, 0x000000071b200000, 0x000000071b400000|  0%| F|  |TAMS 0x000000071b200000, 0x000000071b200000| Untracked 
|  87|0x000000071b400000, 0x000000071b400000, 0x000000071b600000|  0%| F|  |TAMS 0x000000071b400000, 0x000000071b400000| Untracked 
|  88|0x000000071b600000, 0x000000071b600000, 0x000000071b800000|  0%| F|  |TAMS 0x000000071b600000, 0x000000071b600000| Untracked 
|  89|0x000000071b800000, 0x000000071b800000, 0x000000071ba00000|  0%| F|  |TAMS 0x000000071b800000, 0x000000071b800000| Untracked 
|  90|0x000000071ba00000, 0x000000071bc00000, 0x000000071bc00000|100%| S|CS|TAMS 0x000000071ba00000, 0x000000071ba00000| Complete 
|  91|0x000000071bc00000, 0x000000071be00000, 0x000000071be00000|100%| S|CS|TAMS 0x000000071bc00000, 0x000000071bc00000| Complete 
|  92|0x000000071be00000, 0x000000071c000000, 0x000000071c000000|100%| S|CS|TAMS 0x000000071be00000, 0x000000071be00000| Complete 
|  93|0x000000071c000000, 0x000000071c200000, 0x000000071c200000|100%| S|CS|TAMS 0x000000071c000000, 0x000000071c000000| Complete 
|  94|0x000000071c200000, 0x000000071c400000, 0x000000071c400000|100%| S|CS|TAMS 0x000000071c200000, 0x000000071c200000| Complete 
|  95|0x000000071c400000, 0x000000071c400000, 0x000000071c600000|  0%| F|  |TAMS 0x000000071c400000, 0x000000071c400000| Untracked 
|  96|0x000000071c600000, 0x000000071c600000, 0x000000071c800000|  0%| F|  |TAMS 0x000000071c600000, 0x000000071c600000| Untracked 
|  97|0x000000071c800000, 0x000000071c800000, 0x000000071ca00000|  0%| F|  |TAMS 0x000000071c800000, 0x000000071c800000| Untracked 
|  98|0x000000071ca00000, 0x000000071ca00000, 0x000000071cc00000|  0%| F|  |TAMS 0x000000071ca00000, 0x000000071ca00000| Untracked 
|  99|0x000000071cc00000, 0x000000071cc00000, 0x000000071ce00000|  0%| F|  |TAMS 0x000000071cc00000, 0x000000071cc00000| Untracked 
| 100|0x000000071ce00000, 0x000000071ce00000, 0x000000071d000000|  0%| F|  |TAMS 0x000000071ce00000, 0x000000071ce00000| Untracked 
| 101|0x000000071d000000, 0x000000071d000000, 0x000000071d200000|  0%| F|  |TAMS 0x000000071d000000, 0x000000071d000000| Untracked 
| 102|0x000000071d200000, 0x000000071d200000, 0x000000071d400000|  0%| F|  |TAMS 0x000000071d200000, 0x000000071d200000| Untracked 
| 103|0x000000071d400000, 0x000000071d400000, 0x000000071d600000|  0%| F|  |TAMS 0x000000071d400000, 0x000000071d400000| Untracked 
| 104|0x000000071d600000, 0x000000071d600000, 0x000000071d800000|  0%| F|  |TAMS 0x000000071d600000, 0x000000071d600000| Untracked 
| 105|0x000000071d800000, 0x000000071d800000, 0x000000071da00000|  0%| F|  |TAMS 0x000000071d800000, 0x000000071d800000| Untracked 
| 106|0x000000071da00000, 0x000000071da00000, 0x000000071dc00000|  0%| F|  |TAMS 0x000000071da00000, 0x000000071da00000| Untracked 
| 107|0x000000071dc00000, 0x000000071dc00000, 0x000000071de00000|  0%| F|  |TAMS 0x000000071dc00000, 0x000000071dc00000| Untracked 
| 108|0x000000071de00000, 0x000000071de00000, 0x000000071e000000|  0%| F|  |TAMS 0x000000071de00000, 0x000000071de00000| Untracked 
| 109|0x000000071e000000, 0x000000071e000000, 0x000000071e200000|  0%| F|  |TAMS 0x000000071e000000, 0x000000071e000000| Untracked 
| 110|0x000000071e200000, 0x000000071e200000, 0x000000071e400000|  0%| F|  |TAMS 0x000000071e200000, 0x000000071e200000| Untracked 
| 111|0x000000071e400000, 0x000000071e400000, 0x000000071e600000|  0%| F|  |TAMS 0x000000071e400000, 0x000000071e400000| Untracked 
| 112|0x000000071e600000, 0x000000071e800000, 0x000000071e800000|100%| E|CS|TAMS 0x000000071e600000, 0x000000071e600000| Complete 
| 113|0x000000071e800000, 0x000000071ea00000, 0x000000071ea00000|100%| E|CS|TAMS 0x000000071e800000, 0x000000071e800000| Complete 
| 114|0x000000071ea00000, 0x000000071ec00000, 0x000000071ec00000|100%| E|CS|TAMS 0x000000071ea00000, 0x000000071ea00000| Complete 
| 115|0x000000071ec00000, 0x000000071ee00000, 0x000000071ee00000|100%| E|CS|TAMS 0x000000071ec00000, 0x000000071ec00000| Complete 
| 116|0x000000071ee00000, 0x000000071f000000, 0x000000071f000000|100%| E|CS|TAMS 0x000000071ee00000, 0x000000071ee00000| Complete 
| 117|0x000000071f000000, 0x000000071f200000, 0x000000071f200000|100%| E|CS|TAMS 0x000000071f000000, 0x000000071f000000| Complete 
| 118|0x000000071f200000, 0x000000071f400000, 0x000000071f400000|100%| E|CS|TAMS 0x000000071f200000, 0x000000071f200000| Complete 
| 119|0x000000071f400000, 0x000000071f600000, 0x000000071f600000|100%| E|CS|TAMS 0x000000071f400000, 0x000000071f400000| Complete 
| 120|0x000000071f600000, 0x000000071f600000, 0x000000071f800000|  0%| F|  |TAMS 0x000000071f600000, 0x000000071f600000| Untracked 
| 121|0x000000071f800000, 0x000000071f800000, 0x000000071fa00000|  0%| F|  |TAMS 0x000000071f800000, 0x000000071f800000| Untracked 
| 122|0x000000071fa00000, 0x000000071fa00000, 0x000000071fc00000|  0%| F|  |TAMS 0x000000071fa00000, 0x000000071fa00000| Untracked 
| 123|0x000000071fc00000, 0x000000071fc00000, 0x000000071fe00000|  0%| F|  |TAMS 0x000000071fc00000, 0x000000071fc00000| Untracked 
| 124|0x000000071fe00000, 0x000000071fe00000, 0x0000000720000000|  0%| F|  |TAMS 0x000000071fe00000, 0x000000071fe00000| Untracked 
| 125|0x0000000720000000, 0x0000000720000000, 0x0000000720200000|  0%| F|  |TAMS 0x0000000720000000, 0x0000000720000000| Untracked 
| 126|0x0000000720200000, 0x0000000720200000, 0x0000000720400000|  0%| F|  |TAMS 0x0000000720200000, 0x0000000720200000| Untracked 
| 127|0x0000000720400000, 0x0000000720400000, 0x0000000720600000|  0%| F|  |TAMS 0x0000000720400000, 0x0000000720400000| Untracked 
| 128|0x0000000720600000, 0x0000000720600000, 0x0000000720800000|  0%| F|  |TAMS 0x0000000720600000, 0x0000000720600000| Untracked 
| 129|0x0000000720800000, 0x00000007209e8af0, 0x0000000720a00000| 95%| E|  |TAMS 0x0000000720800000, 0x0000000720800000| Complete 
| 130|0x0000000720a00000, 0x0000000720c00000, 0x0000000720c00000|100%| E|CS|TAMS 0x0000000720a00000, 0x0000000720a00000| Complete 
| 131|0x0000000720c00000, 0x0000000720e00000, 0x0000000720e00000|100%| E|CS|TAMS 0x0000000720c00000, 0x0000000720c00000| Complete 
| 132|0x0000000720e00000, 0x0000000721000000, 0x0000000721000000|100%| E|CS|TAMS 0x0000000720e00000, 0x0000000720e00000| Complete 
| 133|0x0000000721000000, 0x0000000721200000, 0x0000000721200000|100%| E|CS|TAMS 0x0000000721000000, 0x0000000721000000| Complete 
| 134|0x0000000721200000, 0x0000000721400000, 0x0000000721400000|100%| E|CS|TAMS 0x0000000721200000, 0x0000000721200000| Complete 
| 135|0x0000000721400000, 0x0000000721600000, 0x0000000721600000|100%| E|CS|TAMS 0x0000000721400000, 0x0000000721400000| Complete 
| 154|0x0000000723a00000, 0x0000000723c00000, 0x0000000723c00000|100%| E|CS|TAMS 0x0000000723a00000, 0x0000000723a00000| Complete 
| 155|0x0000000723c00000, 0x0000000723e00000, 0x0000000723e00000|100%| E|CS|TAMS 0x0000000723c00000, 0x0000000723c00000| Complete 
| 156|0x0000000723e00000, 0x0000000724000000, 0x0000000724000000|100%| E|CS|TAMS 0x0000000723e00000, 0x0000000723e00000| Complete 
| 157|0x0000000724000000, 0x0000000724200000, 0x0000000724200000|100%| E|CS|TAMS 0x0000000724000000, 0x0000000724000000| Complete 
| 158|0x0000000724200000, 0x0000000724400000, 0x0000000724400000|100%| E|CS|TAMS 0x0000000724200000, 0x0000000724200000| Complete 
|1914|0x00000007ffa00000, 0x00000007ffc00000, 0x00000007ffc00000|100%| O|  |TAMS 0x00000007ffc00000, 0x00000007ffa00000| Updating 
|1915|0x00000007ffc00000, 0x00000007ffd75000, 0x00000007ffe00000| 72%|OA|  |TAMS 0x00000007ffd75000, 0x00000007ffc00000| Untracked 
|1916|0x00000007ffe00000, 0x00000007ffe77000, 0x0000000800000000| 23%|CA|  |TAMS 0x00000007ffe77000, 0x00000007ffe00000| Untracked 

Card table byte_map: [0x00007f60efc00000,0x00007f60f037d000] _byte_map_base: 0x00007f60ec37d000

Marking Bits (Prev, Next): (CMBitMap*) 0x00007f610808efd0, (CMBitMap*) 0x00007f610808ef90
 Prev Bits: [0x00007f60e7c00000, 0x00007f60eb7e8000)
 Next Bits: [0x00007f60eb800000, 0x00007f60ef3e8000)

Polling page: 0x00007f610da74000

Metaspace:

Usage:
  Non-class:     20.55 MB used.
      Class:      2.53 MB used.
       Both:     23.09 MB used.

Virtual space:
  Non-class space:       64.00 MB reserved,      20.75 MB ( 32%) committed,  1 nodes.
      Class space:        1.00 GB reserved,       2.69 MB ( <1%) committed,  1 nodes.
             Both:        1.06 GB reserved,      23.44 MB (  2%) committed. 

Chunk freelists:
   Non-Class:  10.40 MB
       Class:  13.34 MB
        Both:  23.74 MB

MaxMetaspaceSize: unlimited
CompressedClassSpaceSize: 1.00 GB
Initial GC threshold: 21.00 MB
Current GC threshold: 39.06 MB
CDS: on
MetaspaceReclaimPolicy: balanced
 - commit_granule_bytes: 65536.
 - commit_granule_words: 8192.
 - virtual_space_node_default_size: 8388608.
 - enlarge_chunks_in_place: 1.
 - new_chunks_are_fully_committed: 0.
 - uncommit_free_chunks: 1.
 - use_allocation_guard: 0.
 - handle_deallocations: 1.


Internal statistics:

num_allocs_failed_limit: 12.
num_arena_births: 250.
num_arena_deaths: 2.
num_vsnodes_births: 2.
num_vsnodes_deaths: 0.
num_space_committed: 376.
num_space_uncommitted: 1.
num_chunks_returned_to_freelist: 20.
num_chunks_taken_from_freelist: 1088.
num_chunk_merges: 6.
num_chunk_splits: 740.
num_chunks_enlarged: 566.
num_inconsistent_stats: 0.

CodeHeap 'non-profiled nmethods': size=120028Kb used=3112Kb max_used=3112Kb free=116916Kb
 bounds [0x00007f60f8ec9000, 0x00007f60f91f9000, 0x00007f6100400000]
CodeHeap 'profiled nmethods': size=120028Kb used=11305Kb max_used=11351Kb free=108722Kb
 bounds [0x00007f60f1400000, 0x00007f60f1f20000, 0x00007f60f8937000]
CodeHeap 'non-nmethods': size=5704Kb used=1191Kb max_used=1296Kb free=4512Kb
 bounds [0x00007f60f8937000, 0x00007f60f8ba7000, 0x00007f60f8ec9000]
 total_blobs=5969 nmethods=5480 adapters=402
 compilation: enabled
              stopped_count=0, restarted_count=0
 full_count=0

Compilation events (20 events):
Event: 4.372 Thread 0x00007f610818d5e0 6316   !   3       org.apache.maven.model.Scm::clone (73 bytes)
Event: 4.373 Thread 0x00007f610818d5e0 nmethod 6316 0x00007f60f15d6b90 code [0x00007f60f15d6e40, 0x00007f60f15d7a30]
Event: 4.377 Thread 0x00007f605809ec60 nmethod 6237% 0x00007f60f91f0110 code [0x00007f60f91f0500, 0x00007f60f91f31c8]
Event: 4.377 Thread 0x00007f605809ec60 6247       4       org.eclipse.aether.util.graph.transformer.ConflictResolver$State::push (457 bytes)
Event: 4.382 Thread 0x00007f610818d5e0 6318       2       org.eclipse.aether.internal.impl.collect.DependencyCollectorDelegate::getId (62 bytes)
Event: 4.383 Thread 0x00007f610818d5e0 nmethod 6318 0x00007f60f15d6290 code [0x00007f60f15d64c0, 0x00007f60f15d68d0]
Event: 4.384 Thread 0x00007f610818d5e0 6319       3       org.eclipse.aether.internal.impl.collect.DependencyCollectorDelegate::getId (62 bytes)
Event: 4.385 Thread 0x00007f610818d5e0 nmethod 6319 0x00007f60f15d5290 code [0x00007f60f15d5540, 0x00007f60f15d5ed0]
Event: 4.386 Thread 0x00007f610818d5e0 6320       2       java.util.HashMap$TreeNode::find (172 bytes)
Event: 4.386 Thread 0x00007f610818d5e0 nmethod 6320 0x00007f60f15d4990 code [0x00007f60f15d4b80, 0x00007f60f15d4fd0]
Event: 4.389 Thread 0x00007f610818d5e0 6321       3       org.eclipse.aether.internal.impl.collect.DataPool$Constraint::<init> (90 bytes)
Event: 4.389 Thread 0x00007f610818d5e0 nmethod 6321 0x00007f60f15d3510 code [0x00007f60f15d3780, 0x00007f60f15d45e0]
Event: 4.398 Thread 0x00007f610818d5e0 6323       3       org.eclipse.aether.internal.impl.collect.DataPool::putConstraint (18 bytes)
Event: 4.398 Thread 0x00007f610818d5e0 nmethod 6323 0x00007f60f15d2f90 code [0x00007f60f15d3160, 0x00007f60f15d33b0]
Event: 4.405 Thread 0x00007f610818d5e0 6324       3       org.apache.maven.model.building.DefaultModelBuilder::getCache (50 bytes)
Event: 4.406 Thread 0x00007f610818d5e0 nmethod 6324 0x00007f60f15d2410 code [0x00007f60f15d2640, 0x00007f60f15d2d30]
Event: 4.448 Thread 0x00007f610818d5e0 6325       3       org.eclipse.aether.util.graph.transformer.NearestVersionSelector::isNearer (57 bytes)
Event: 4.448 Thread 0x00007f610818d5e0 nmethod 6325 0x00007f60f15d1b10 code [0x00007f60f15d1d00, 0x00007f60f15d2200]
Event: 4.463 Thread 0x00007f610818d5e0 6326       3       java.util.ArrayList::listIterator (15 bytes)
Event: 4.464 Thread 0x00007f610818d5e0 nmethod 6326 0x00007f60f15d1210 code [0x00007f60f15d1400, 0x00007f60f15d1950]

GC Heap History (20 events):
Event: 0.393 GC heap before
{Heap before GC invocations=0 (full 0):
 garbage-first heap   total 249856K, used 24496K [0x0000000710600000, 0x0000000800000000)
  region size 2048K, 11 young (22528K), 0 survivors (0K)
 Metaspace       used 5764K, committed 5952K, reserved 1114112K
  class space    used 690K, committed 768K, reserved 1048576K
}
Event: 0.397 GC heap after
{Heap after GC invocations=1 (full 0):
 garbage-first heap   total 249856K, used 5206K [0x0000000710600000, 0x0000000800000000)
  region size 2048K, 2 young (4096K), 2 survivors (4096K)
 Metaspace       used 5764K, committed 5952K, reserved 1114112K
  class space    used 690K, committed 768K, reserved 1048576K
}
Event: 0.999 GC heap before
{Heap before GC invocations=1 (full 0):
 garbage-first heap   total 249856K, used 54358K [0x0000000710600000, 0x0000000800000000)
  region size 2048K, 26 young (53248K), 2 survivors (4096K)
 Metaspace       used 13293K, committed 13440K, reserved 1114112K
  class space    used 1658K, committed 1728K, reserved 1048576K
}
Event: 1.005 GC heap after
{Heap after GC invocations=2 (full 0):
 garbage-first heap   total 249856K, used 8210K [0x0000000710600000, 0x0000000800000000)
  region size 2048K, 4 young (8192K), 4 survivors (8192K)
 Metaspace       used 13293K, committed 13440K, reserved 1114112K
  class space    used 1658K, committed 1728K, reserved 1048576K
}
Event: 1.825 GC heap before
{Heap before GC invocations=2 (full 0):
 garbage-first heap   total 249856K, used 147474K [0x0000000710600000, 0x0000000800000000)
  region size 2048K, 72 young (147456K), 4 survivors (8192K)
 Metaspace       used 16539K, committed 16704K, reserved 1114112K
  class space    used 1897K, committed 1984K, reserved 1048576K
}
Event: 1.843 GC heap after
{Heap after GC invocations=3 (full 0):
 garbage-first heap   total 249856K, used 22390K [0x0000000710600000, 0x0000000800000000)
  region size 2048K, 9 young (18432K), 9 survivors (18432K)
 Metaspace       used 16539K, committed 16704K, reserved 1114112K
  class space    used 1897K, committed 1984K, reserved 1048576K
}
Event: 2.265 GC heap before
{Heap before GC invocations=3 (full 0):
 garbage-first heap   total 249856K, used 96118K [0x0000000710600000, 0x0000000800000000)
  region size 2048K, 45 young (92160K), 9 survivors (18432K)
 Metaspace       used 18231K, committed 18560K, reserved 1114112K
  class space    used 2067K, committed 2240K, reserved 1048576K
}
Event: 2.289 GC heap after
{Heap after GC invocations=4 (full 0):
 garbage-first heap   total 249856K, used 34911K [0x0000000710600000, 0x0000000800000000)
  region size 2048K, 6 young (12288K), 6 survivors (12288K)
 Metaspace       used 18231K, committed 18560K, reserved 1114112K
  class space    used 2067K, committed 2240K, reserved 1048576K
}
Event: 2.696 GC heap before
{Heap before GC invocations=4 (full 0):
 garbage-first heap   total 249856K, used 168031K [0x0000000710600000, 0x0000000800000000)
  region size 2048K, 71 young (145408K), 6 survivors (12288K)
 Metaspace       used 18576K, committed 18944K, reserved 1114112K
  class space    used 2072K, committed 2240K, reserved 1048576K
}
Event: 2.719 GC heap after
{Heap after GC invocations=5 (full 0):
 garbage-first heap   total 249856K, used 60409K [0x0000000710600000, 0x0000000800000000)
  region size 2048K, 9 young (18432K), 9 survivors (18432K)
 Metaspace       used 18576K, committed 18944K, reserved 1114112K
  class space    used 2072K, committed 2240K, reserved 1048576K
}
Event: 3.105 GC heap before
{Heap before GC invocations=5 (full 0):
 garbage-first heap   total 249856K, used 101369K [0x0000000710600000, 0x0000000800000000)
  region size 2048K, 30 young (61440K), 9 survivors (18432K)
 Metaspace       used 21198K, committed 21504K, reserved 1114112K
  class space    used 2345K, committed 2496K, reserved 1048576K
}
Event: 3.121 GC heap after
{Heap after GC invocations=6 (full 0):
 garbage-first heap   total 329728K, used 64758K [0x0000000710600000, 0x0000000800000000)
  region size 2048K, 2 young (4096K), 2 survivors (4096K)
 Metaspace       used 21198K, committed 21504K, reserved 1114112K
  class space    used 2345K, committed 2496K, reserved 1048576K
}
Event: 3.568 GC heap before
{Heap before GC invocations=7 (full 0):
 garbage-first heap   total 260096K, used 222454K [0x0000000710600000, 0x0000000800000000)
  region size 2048K, 80 young (163840K), 2 survivors (4096K)
 Metaspace       used 22930K, committed 23232K, reserved 1114112K
  class space    used 2527K, committed 2688K, reserved 1048576K
}
Event: 3.586 GC heap after
{Heap after GC invocations=8 (full 0):
 garbage-first heap   total 262144K, used 95488K [0x0000000710600000, 0x0000000800000000)
  region size 2048K, 11 young (22528K), 11 survivors (22528K)
 Metaspace       used 22930K, committed 23232K, reserved 1114112K
  class space    used 2527K, committed 2688K, reserved 1048576K
}
Event: 3.964 GC heap before
{Heap before GC invocations=9 (full 0):
 garbage-first heap   total 262144K, used 191744K [0x0000000710600000, 0x0000000800000000)
  region size 2048K, 57 young (116736K), 11 survivors (22528K)
 Metaspace       used 23691K, committed 24064K, reserved 1114112K
  class space    used 2603K, committed 2752K, reserved 1048576K
}
Event: 3.980 GC heap after
{Heap after GC invocations=10 (full 0):
 garbage-first heap   total 262144K, used 120819K [0x0000000710600000, 0x0000000800000000)
  region size 2048K, 8 young (16384K), 8 survivors (16384K)
 Metaspace       used 23691K, committed 24064K, reserved 1114112K
  class space    used 2603K, committed 2752K, reserved 1048576K
}
Event: 4.151 GC heap before
{Heap before GC invocations=10 (full 0):
 garbage-first heap   total 262144K, used 192499K [0x0000000710600000, 0x0000000800000000)
  region size 2048K, 43 young (88064K), 8 survivors (16384K)
 Metaspace       used 23703K, committed 24064K, reserved 1114112K
  class space    used 2603K, committed 2752K, reserved 1048576K
}
Event: 4.162 GC heap after
{Heap after GC invocations=11 (full 0):
 garbage-first heap   total 262144K, used 130950K [0x0000000710600000, 0x0000000800000000)
  region size 2048K, 6 young (12288K), 6 survivors (12288K)
 Metaspace       used 23703K, committed 24064K, reserved 1114112K
  class space    used 2603K, committed 2752K, reserved 1048576K
}
Event: 4.297 GC heap before
{Heap before GC invocations=11 (full 0):
 garbage-first heap   total 262144K, used 192390K [0x0000000710600000, 0x0000000800000000)
  region size 2048K, 36 young (73728K), 6 survivors (12288K)
 Metaspace       used 23724K, committed 24064K, reserved 1114112K
  class space    used 2603K, committed 2752K, reserved 1048576K
}
Event: 4.308 GC heap after
{Heap after GC invocations=12 (full 0):
 garbage-first heap   total 262144K, used 148736K [0x0000000710600000, 0x0000000800000000)
  region size 2048K, 5 young (10240K), 5 survivors (10240K)
 Metaspace       used 23724K, committed 24064K, reserved 1114112K
  class space    used 2603K, committed 2752K, reserved 1048576K
}

Dll operation events (8 events):
Event: 0.001 Loaded shared library /home/andrea/.jbang/cache/jdks/17/lib/libjava.so
Event: 0.011 Loaded shared library /home/andrea/.jbang/cache/jdks/17/lib/libjsvml.so
Event: 0.019 Loaded shared library /home/andrea/.jbang/cache/jdks/17/lib/libnio.so
Event: 0.021 Loaded shared library /home/andrea/.jbang/cache/jdks/17/lib/libzip.so
Event: 0.024 Loaded shared library /home/andrea/.jbang/cache/jdks/17/lib/libjimage.so
Event: 0.043 Loaded shared library /home/andrea/.jbang/cache/jdks/17/lib/libnet.so
Event: 0.129 Loaded shared library /tmp/jansi-2.4.0-c18f841736197bd7-libjansi.so
Event: 0.136 Loaded shared library /home/andrea/.jbang/cache/jdks/17/lib/libverify.so

Deoptimization events (20 events):
Event: 4.033 Thread 0x00007f6108025df0 DEOPT PACKING pc=0x00007f60f918be54 sp=0x00007f610c3fc1b0
Event: 4.033 Thread 0x00007f6108025df0 DEOPT UNPACKING pc=0x00007f60f898d699 sp=0x00007f610c3fc168 mode 2
Event: 4.124 Thread 0x00007f6108025df0 Uncommon trap: trap_request=0xffffffbe fr.pc=0x00007f60f91e1824 relative=0x0000000000006564
Event: 4.124 Thread 0x00007f6108025df0 Uncommon trap: reason=profile_predicate action=maybe_recompile pc=0x00007f60f91e1824 method=org.apache.maven.repository.internal.ArtifactDescriptorReaderDelegate.populateResult(Lorg/eclipse/aether/RepositorySystemSession;Lorg/eclipse/aether/resolution/Art
Event: 4.124 Thread 0x00007f6108025df0 DEOPT PACKING pc=0x00007f60f91e1824 sp=0x00007f610c3fb560
Event: 4.124 Thread 0x00007f6108025df0 DEOPT UNPACKING pc=0x00007f60f898d699 sp=0x00007f610c3fb548 mode 2
Event: 4.125 Thread 0x00007f6108025df0 Uncommon trap: trap_request=0xffffffbe fr.pc=0x00007f60f91e1824 relative=0x0000000000006564
Event: 4.126 Thread 0x00007f6108025df0 Uncommon trap: reason=profile_predicate action=maybe_recompile pc=0x00007f60f91e1824 method=org.apache.maven.repository.internal.ArtifactDescriptorReaderDelegate.populateResult(Lorg/eclipse/aether/RepositorySystemSession;Lorg/eclipse/aether/resolution/Art
Event: 4.126 Thread 0x00007f6108025df0 DEOPT PACKING pc=0x00007f60f91e1824 sp=0x00007f610c3fb560
Event: 4.126 Thread 0x00007f6108025df0 DEOPT UNPACKING pc=0x00007f60f898d699 sp=0x00007f610c3fb548 mode 2
Event: 4.162 Thread 0x00007f6108025df0 Uncommon trap: trap_request=0xffffff45 fr.pc=0x00007f60f90d405c relative=0x000000000000371c
Event: 4.162 Thread 0x00007f6108025df0 Uncommon trap: reason=unstable_if action=reinterpret pc=0x00007f60f90d405c method=org.eclipse.aether.util.graph.transformer.ConflictResolver$State.deriveScope(Lorg/eclipse/aether/graph/DependencyNode;Ljava/lang/Object;)Ljava/lang/String; @ 8 c2
Event: 4.162 Thread 0x00007f6108025df0 DEOPT PACKING pc=0x00007f60f90d405c sp=0x00007f610c3fbcc0
Event: 4.162 Thread 0x00007f6108025df0 DEOPT UNPACKING pc=0x00007f60f898d699 sp=0x00007f610c3fbc18 mode 2
Event: 4.378 Thread 0x00007f6108025df0 Uncommon trap: trap_request=0xffffffc6 fr.pc=0x00007f60f91b1b98 relative=0x0000000000000c58
Event: 4.378 Thread 0x00007f6108025df0 Uncommon trap: reason=bimorphic_or_optimized_type_check action=maybe_recompile pc=0x00007f60f91b1b98 method=org.eclipse.aether.graph.Dependency$Exclusions.copy(Ljava/util/Collection;)Ljava/util/Set; @ 5 c2
Event: 4.378 Thread 0x00007f6108025df0 DEOPT PACKING pc=0x00007f60f91b1b98 sp=0x00007f610c3fc120
Event: 4.378 Thread 0x00007f6108025df0 DEOPT UNPACKING pc=0x00007f60f898d699 sp=0x00007f610c3fc118 mode 2
Event: 4.420 Thread 0x00007f6108025df0 DEOPT PACKING pc=0x00007f60f151c473 sp=0x00007f610c3faf50
Event: 4.420 Thread 0x00007f6108025df0 DEOPT UNPACKING pc=0x00007f60f898de2f sp=0x00007f610c3fa450 mode 0

Classes unloaded (16 events):
Event: 4.406 Thread 0x00007f610817d620 Unloading class 0x00007f6088295da8 'org/apache/commons/cli/Util'
Event: 4.406 Thread 0x00007f610817d620 Unloading class 0x00007f60882964d0 'org/apache/commons/cli/CommandLine'
Event: 4.406 Thread 0x00007f610817d620 Unloading class 0x00007f6088296268 'org/apache/commons/cli/UnrecognizedOptionException'
Event: 4.406 Thread 0x00007f610817d620 Unloading class 0x00007f6088296000 'org/apache/commons/cli/MissingArgumentException'
Event: 4.406 Thread 0x00007f610817d620 Unloading class 0x00007f6088295b40 'org/apache/commons/cli/MissingOptionException'
Event: 4.406 Thread 0x00007f610817d620 Unloading class 0x00007f60882958b0 'org/apache/commons/cli/GnuParser'
Event: 4.406 Thread 0x00007f610817d620 Unloading class 0x00007f6088295620 'org/apache/commons/cli/Parser'
Event: 4.406 Thread 0x00007f610817d620 Unloading class 0x00007f6088295418 'org/apache/maven/cli/CleanArgument'
Event: 4.406 Thread 0x00007f610817d620 Unloading class 0x00007f6088295210 'org/apache/commons/cli/OptionValidator'
Event: 4.406 Thread 0x00007f610817d620 Unloading class 0x00007f6088295000 'org/apache/commons/cli/Option$Builder'
Event: 4.406 Thread 0x00007f610817d620 Unloading class 0x00007f6088294b18 'org/apache/commons/cli/Option'
Event: 4.406 Thread 0x00007f610817d620 Unloading class 0x00007f6088294888 'org/apache/commons/cli/Options'
Event: 4.406 Thread 0x00007f610817d620 Unloading class 0x00007f6088294688 'org/apache/commons/cli/CommandLineParser'
Event: 4.406 Thread 0x00007f610817d620 Unloading class 0x00007f6088294468 'org/apache/maven/cli/CLIManager'
Event: 4.406 Thread 0x00007f610817d620 Unloading class 0x00007f6088294208 'org/apache/commons/cli/ParseException'
Event: 4.406 Thread 0x00007f610817d620 Unloading class 0x00007f6088294000 'io/quarkus/bootstrap/resolver/maven/options/BootstrapMavenOptionsParser'

Classes redefined (0 events):
No events

Internal exceptions (20 events):
Event: 2.612 Thread 0x00007f6108025df0 Implicit null exception at 0x00007f60f9121d49 to 0x00007f60f91220dc
Event: 2.612 Thread 0x00007f6108025df0 Implicit null exception at 0x00007f60f901960f to 0x00007f60f90199d0
Event: 2.612 Thread 0x00007f6108025df0 Implicit null exception at 0x00007f60f8f62faf to 0x00007f60f8f63029
Event: 2.662 Thread 0x00007f6108025df0 Exception <a 'java/lang/NoSuchMethodError'{0x0000000716a46478}: 'java.lang.Object java.lang.invoke.DirectMethodHandle$Holder.newInvokeSpecial(java.lang.Object, java.lang.Object, java.lang.Object, java.lang.Object, java.lang.Object, java.lang.Object, java.lang.Object)'> (0x0000000716a46478) 
thrown [src/hotspot/share/interpreter/linkResolver.cpp, line 758]
Event: 2.662 Thread 0x00007f6108025df0 Implicit null exception at 0x00007f60f9109e03 to 0x00007f60f910b054
Event: 2.903 Thread 0x00007f6108025df0 Exception <a 'java/lang/NoSuchMethodError'{0x000000071de94f80}: 'java.lang.Object java.lang.invoke.DirectMethodHandle$Holder.invokeVirtual(java.lang.Object, java.lang.Object, java.lang.Object)'> (0x000000071de94f80) 
thrown [src/hotspot/share/interpreter/linkResolver.cpp, line 758]
Event: 2.903 Thread 0x00007f6108025df0 Exception <a 'java/lang/NoSuchMethodError'{0x000000071de9c578}: 'void java.lang.invoke.DirectMethodHandle$Holder.invokeSpecial(java.lang.Object, java.lang.Object, java.lang.Object, java.lang.Object, java.lang.Object, java.lang.Object)'> (0x000000071de9c578) 
thrown [src/hotspot/share/interpreter/linkResolver.cpp, line 758]
Event: 2.904 Thread 0x00007f6108025df0 Exception <a 'java/lang/NoSuchMethodError'{0x000000071dea7b18}: 'int java.lang.invoke.DirectMethodHandle$Holder.invokeVirtual(java.lang.Object, java.lang.Object)'> (0x000000071dea7b18) 
thrown [src/hotspot/share/interpreter/linkResolver.cpp, line 758]
Event: 3.082 Thread 0x00007f6108025df0 Exception <a 'java/lang/NoSuchMethodError'{0x000000071cc56c68}: 'java.lang.Object java.lang.invoke.DirectMethodHandle$Holder.invokeInterface(java.lang.Object, java.lang.Object, java.lang.Object)'> (0x000000071cc56c68) 
thrown [src/hotspot/share/interpreter/linkResolver.cpp, line 758]
Event: 3.125 Thread 0x00007f6108025df0 Exception <a 'java/lang/NoSuchMethodError'{0x000000072421a7d0}: 'int java.lang.invoke.DirectMethodHandle$Holder.invokeStatic(java.lang.Object, java.lang.Object, java.lang.Object, int)'> (0x000000072421a7d0) 
thrown [src/hotspot/share/interpreter/linkResolver.cpp, line 758]
Event: 3.125 Thread 0x00007f6108025df0 Exception <a 'java/lang/NoSuchMethodError'{0x000000072421e520}: 'int java.lang.invoke.DirectMethodHandle$Holder.invokeStaticInit(java.lang.Object, java.lang.Object, java.lang.Object, int)'> (0x000000072421e520) 
thrown [src/hotspot/share/interpreter/linkResolver.cpp, line 758]
Event: 3.138 Thread 0x00007f6108025df0 Exception <a 'java/lang/NoSuchMethodError'{0x00000007242edfb0}: 'void java.lang.invoke.DirectMethodHandle$Holder.invokeSpecial(java.lang.Object, java.lang.Object, java.lang.Object, java.lang.Object, java.lang.Object)'> (0x00000007242edfb0) 
thrown [src/hotspot/share/interpreter/linkResolver.cpp, line 758]
Event: 3.163 Thread 0x00007f5ff0008910 Implicit null exception at 0x00007f60f904db18 to 0x00007f60f904dbf8
Event: 3.163 Thread 0x00007f5fe0003010 Implicit null exception at 0x00007f60f904db18 to 0x00007f60f904dbf8
Event: 3.163 Thread 0x00007f5ff00036b0 Implicit null exception at 0x00007f60f904db18 to 0x00007f60f904dbf8
Event: 3.164 Thread 0x00007f5ff00036b0 Exception <a 'java/lang/NoSuchMethodError'{0x0000000724151a48}: 'void java.lang.invoke.DirectMethodHandle$Holder.invokeInterface(java.lang.Object, java.lang.Object)'> (0x0000000724151a48) 
thrown [src/hotspot/share/interpreter/linkResolver.cpp, line 758]
Event: 3.723 Thread 0x00007f6108025df0 Implicit null exception at 0x00007f60f919ecf5 to 0x00007f60f91a2148
Event: 3.723 Thread 0x00007f6108025df0 Implicit null exception at 0x00007f60f91864a0 to 0x00007f60f9186aa0
Event: 3.757 Thread 0x00007f6108025df0 Exception <a 'java/lang/NoSuchMethodError'{0x000000071d36b598}: 'java.lang.Object java.lang.invoke.DirectMethodHandle$Holder.invokeStatic(java.lang.Object, int, java.lang.Object)'> (0x000000071d36b598) 
thrown [src/hotspot/share/interpreter/linkResolver.cpp, line 758]
Event: 3.936 Thread 0x00007f6108025df0 Implicit null exception at 0x00007f60f90c65aa to 0x00007f60f90c754c

VM Operations (20 events):
Event: 3.748 Executing VM operation: HandshakeAllThreads
Event: 3.748 Executing VM operation: HandshakeAllThreads done
Event: 3.750 Executing VM operation: HandshakeAllThreads
Event: 3.750 Executing VM operation: HandshakeAllThreads done
Event: 3.765 Executing VM operation: HandshakeAllThreads
Event: 3.765 Executing VM operation: HandshakeAllThreads done
Event: 3.845 Executing VM operation: HandshakeAllThreads
Event: 3.845 Executing VM operation: HandshakeAllThreads done
Event: 3.847 Executing VM operation: HandshakeAllThreads
Event: 3.847 Executing VM operation: HandshakeAllThreads done
Event: 3.964 Executing VM operation: G1CollectForAllocation
Event: 3.980 Executing VM operation: G1CollectForAllocation done
Event: 4.151 Executing VM operation: G1CollectForAllocation
Event: 4.162 Executing VM operation: G1CollectForAllocation done
Event: 4.297 Executing VM operation: G1CollectForAllocation
Event: 4.308 Executing VM operation: G1CollectForAllocation done
Event: 4.346 Executing VM operation: HandshakeAllThreads
Event: 4.346 Executing VM operation: HandshakeAllThreads done
Event: 4.406 Executing VM operation: G1PauseRemark
Event: 4.410 Executing VM operation: G1PauseRemark done

Events (20 events):
Event: 3.757 loading class java/time/temporal/TemporalAdjusters done
Event: 3.758 loading class java/time/zone/ZoneOffsetTransitionRule$1
Event: 3.758 loading class java/time/zone/ZoneOffsetTransitionRule$1 done
Event: 3.819 loading class java/nio/file/ClosedDirectoryStreamException
Event: 3.819 loading class java/nio/file/ClosedDirectoryStreamException done
Event: 3.819 loading class java/nio/file/DirectoryIteratorException
Event: 3.819 loading class java/nio/file/DirectoryIteratorException done
Event: 3.820 loading class java/nio/file/FileTreeIterator
Event: 3.820 loading class java/nio/file/FileTreeIterator done
Event: 3.821 loading class java/nio/file/FileTreeWalker
Event: 3.821 loading class java/nio/file/FileTreeWalker done
Event: 3.821 loading class java/nio/file/FileTreeWalker$DirectoryNode
Event: 3.821 loading class java/nio/file/FileTreeWalker$DirectoryNode done
Event: 3.821 loading class java/nio/file/FileTreeWalker$Event
Event: 3.821 loading class java/nio/file/FileTreeWalker$Event done
Event: 3.821 loading class java/nio/file/FileTreeWalker$EventType
Event: 3.821 loading class java/nio/file/FileTreeWalker$EventType done
Event: 3.822 loading class sun/nio/fs/BasicFileAttributesHolder
Event: 3.822 loading class sun/nio/fs/BasicFileAttributesHolder done
Event: 4.347 Thread 0x00007f6108196a50 flushing nmethod 0x00007f60f91b3a10


Dynamic libraries:
710600000-721600000 rw-p 00000000 00:00 0 
721600000-723a00000 ---p 00000000 00:00 0 
723a00000-724400000 rw-p 00000000 00:00 0 
724400000-7ffa00000 ---p 00000000 00:00 0 
7ffa00000-7ffd00000 rw-p 00000000 00:00 0 
7ffd00000-7ffd75000 rw-p 00c75000 103:05 10000500                        /home/andrea/.jbang/cache/jdks/17/lib/server/classes.jsa
7ffd75000-7ffe00000 rw-p 00000000 00:00 0 
7ffe00000-7ffe77000 rw-p 00bfe000 103:05 10000500                        /home/andrea/.jbang/cache/jdks/17/lib/server/classes.jsa
7ffe77000-800000000 rw-p 00000000 00:00 0 
5583b60f9000-5583b60fa000 r--p 00000000 103:05 10001598                  /home/andrea/.jbang/cache/jdks/17/bin/java
5583b60fa000-5583b60fb000 r-xp 00001000 103:05 10001598                  /home/andrea/.jbang/cache/jdks/17/bin/java
5583b60fb000-5583b60fc000 r--p 00002000 103:05 10001598                  /home/andrea/.jbang/cache/jdks/17/bin/java
5583b60fc000-5583b60fd000 r--p 00002000 103:05 10001598                  /home/andrea/.jbang/cache/jdks/17/bin/java
5583b60fd000-5583b60fe000 rw-p 00003000 103:05 10001598                  /home/andrea/.jbang/cache/jdks/17/bin/java
5583b6230000-5583b6278000 rw-p 00000000 00:00 0                          [heap]
7f5fb4000000-7f5fb4021000 rw-p 00000000 00:00 0 
7f5fb4021000-7f5fb8000000 ---p 00000000 00:00 0 
7f5fbc000000-7f5fbc021000 rw-p 00000000 00:00 0 
7f5fbc021000-7f5fc0000000 ---p 00000000 00:00 0 
7f5fc0000000-7f5fc0021000 rw-p 00000000 00:00 0 
7f5fc0021000-7f5fc4000000 ---p 00000000 00:00 0 
7f5fc8000000-7f5fc8021000 rw-p 00000000 00:00 0 
7f5fc8021000-7f5fcc000000 ---p 00000000 00:00 0 
7f5fcc000000-7f5fcc021000 rw-p 00000000 00:00 0 
7f5fcc021000-7f5fd0000000 ---p 00000000 00:00 0 
7f5fd4000000-7f5fd4021000 rw-p 00000000 00:00 0 
7f5fd4021000-7f5fd8000000 ---p 00000000 00:00 0 
7f5fd8000000-7f5fd8021000 rw-p 00000000 00:00 0 
7f5fd8021000-7f5fdc000000 ---p 00000000 00:00 0 
7f5fe0000000-7f5fe0021000 rw-p 00000000 00:00 0 
7f5fe0021000-7f5fe4000000 ---p 00000000 00:00 0 
7f5fe4000000-7f5fe4021000 rw-p 00000000 00:00 0 
7f5fe4021000-7f5fe8000000 ---p 00000000 00:00 0 
7f5fec000000-7f5fec021000 rw-p 00000000 00:00 0 
7f5fec021000-7f5ff0000000 ---p 00000000 00:00 0 
7f5ff0000000-7f5ff0021000 rw-p 00000000 00:00 0 
7f5ff0021000-7f5ff4000000 ---p 00000000 00:00 0 
7f5ff8000000-7f5ff8021000 rw-p 00000000 00:00 0 
7f5ff8021000-7f5ffc000000 ---p 00000000 00:00 0 
7f5ffc000000-7f5ffc021000 rw-p 00000000 00:00 0 
7f5ffc021000-7f6000000000 ---p 00000000 00:00 0 
7f6004000000-7f6004021000 rw-p 00000000 00:00 0 
7f6004021000-7f6008000000 ---p 00000000 00:00 0 
7f6008000000-7f6008021000 rw-p 00000000 00:00 0 
7f6008021000-7f600c000000 ---p 00000000 00:00 0 
7f6010000000-7f6010021000 rw-p 00000000 00:00 0 
7f6010021000-7f6014000000 ---p 00000000 00:00 0 
7f6014000000-7f6014021000 rw-p 00000000 00:00 0 
7f6014021000-7f6018000000 ---p 00000000 00:00 0 
7f601c000000-7f601c021000 rw-p 00000000 00:00 0 
7f601c021000-7f6020000000 ---p 00000000 00:00 0 
7f6020000000-7f6020021000 rw-p 00000000 00:00 0 
7f6020021000-7f6024000000 ---p 00000000 00:00 0 
7f6028000000-7f6028021000 rw-p 00000000 00:00 0 
7f6028021000-7f602c000000 ---p 00000000 00:00 0 
7f602c000000-7f602d120000 rw-p 00000000 00:00 0 
7f602d120000-7f6030000000 ---p 00000000 00:00 0 
7f6034000000-7f60351b8000 rw-p 00000000 00:00 0 
7f60351b8000-7f6038000000 ---p 00000000 00:00 0 
7f6038000000-7f6038021000 rw-p 00000000 00:00 0 
7f6038021000-7f603c000000 ---p 00000000 00:00 0 
7f6040000000-7f6040021000 rw-p 00000000 00:00 0 
7f6040021000-7f6044000000 ---p 00000000 00:00 0 
7f6044000000-7f6044021000 rw-p 00000000 00:00 0 
7f6044021000-7f6048000000 ---p 00000000 00:00 0 
7f604c000000-7f604c021000 rw-p 00000000 00:00 0 
7f604c021000-7f6050000000 ---p 00000000 00:00 0 
7f6050000000-7f6050962000 rw-p 00000000 00:00 0 
7f6050962000-7f6054000000 ---p 00000000 00:00 0 
7f6058000000-7f605938a000 rw-p 00000000 00:00 0 
7f605938a000-7f605c000000 ---p 00000000 00:00 0 
7f605c000000-7f605c021000 rw-p 00000000 00:00 0 
7f605c021000-7f6060000000 ---p 00000000 00:00 0 
7f6064000000-7f6064021000 rw-p 00000000 00:00 0 
7f6064021000-7f6068000000 ---p 00000000 00:00 0 
7f6068000000-7f6068021000 rw-p 00000000 00:00 0 
7f6068021000-7f606c000000 ---p 00000000 00:00 0 
7f6070000000-7f6070021000 rw-p 00000000 00:00 0 
7f6070021000-7f6074000000 ---p 00000000 00:00 0 
7f6074000000-7f6074021000 rw-p 00000000 00:00 0 
7f6074021000-7f6078000000 ---p 00000000 00:00 0 
7f607c000000-7f607c045000 rw-p 00000000 00:00 0 
7f607c045000-7f6080000000 ---p 00000000 00:00 0 
7f6083000000-7f60833f0000 rw-p 00000000 00:00 0 
7f60833f0000-7f60842a0000 rw-p 00000000 00:00 0 
7f60842a0000-7f60842b0000 ---p 00000000 00:00 0 
7f60842b0000-7f60842f0000 rw-p 00000000 00:00 0 
7f60842f0000-7f60844b0000 rw-p 00000000 00:00 0 
7f60844b0000-7f6084500000 ---p 00000000 00:00 0 
7f6084500000-7f6084520000 rw-p 00000000 00:00 0 
7f6084520000-7f6087000000 ---p 00000000 00:00 0 
7f6087000000-7f6087bc6000 rw-p 00001000 103:05 10000500                  /home/andrea/.jbang/cache/jdks/17/lib/server/classes.jsa
7f6087bc6000-7f6088000000 ---p 00000000 00:00 0 
7f6088000000-7f6088030000 rw-p 00000000 00:00 0 
7f6088030000-7f6088070000 rw-p 00000000 00:00 0 
7f6088070000-7f60881b0000 rw-p 00000000 00:00 0 
7f60881b0000-7f60881f0000 rw-p 00000000 00:00 0 
7f60881f0000-7f60882b0000 rw-p 00000000 00:00 0 
7f60882b0000-7f60c8000000 ---p 00000000 00:00 0 
7f60c8000000-7f60c8021000 rw-p 00000000 00:00 0 
7f60c8021000-7f60cc000000 ---p 00000000 00:00 0 
7f60cc000000-7f60cc021000 rw-p 00000000 00:00 0 
7f60cc021000-7f60d0000000 ---p 00000000 00:00 0 
7f60d4000000-7f60d4021000 rw-p 00000000 00:00 0 
7f60d4021000-7f60d8000000 ---p 00000000 00:00 0 
7f60d8000000-7f60d8021000 rw-p 00000000 00:00 0 
7f60d8021000-7f60dc000000 ---p 00000000 00:00 0 
7f60dde00000-7f60de091000 rw-p 00000000 00:00 0 
7f60de200000-7f60de43f000 rw-p 00000000 00:00 0 
7f60de4ed000-7f60de4ee000 ---p 00000000 00:00 0 
7f60de4ee000-7f60de5ee000 rw-p 00000000 00:00 0 
7f60de5ee000-7f60de5ef000 ---p 00000000 00:00 0 
7f60de5ef000-7f60de6ef000 rw-p 00000000 00:00 0 
7f60de6ef000-7f60de6f0000 ---p 00000000 00:00 0 
7f60de6f0000-7f60de7f0000 rw-p 00000000 00:00 0 
7f60de7f0000-7f60de7f1000 ---p 00000000 00:00 0 
7f60de7f1000-7f60de8f1000 rw-p 00000000 00:00 0 
7f60de8f1000-7f60de8f2000 ---p 00000000 00:00 0 
7f60de8f2000-7f60de8f6000 ---p 00000000 00:00 0 
7f60de8f6000-7f60de9f2000 rw-p 00000000 00:00 0 
7f60de9f2000-7f60de9f3000 ---p 00000000 00:00 0 
7f60de9f3000-7f60de9f7000 ---p 00000000 00:00 0 
7f60de9f7000-7f60deaf3000 rw-p 00000000 00:00 0 
7f60deaf3000-7f60deaf4000 ---p 00000000 00:00 0 
7f60deaf4000-7f60deaf8000 ---p 00000000 00:00 0 
7f60deaf8000-7f60debf4000 rw-p 00000000 00:00 0 
7f60debf4000-7f60debf5000 ---p 00000000 00:00 0 
7f60debf5000-7f60debf9000 ---p 00000000 00:00 0 
7f60debf9000-7f60decf5000 rw-p 00000000 00:00 0 
7f60decf5000-7f60decf6000 ---p 00000000 00:00 0 
7f60decf6000-7f60decfa000 ---p 00000000 00:00 0 
7f60decfa000-7f60dedf6000 rw-p 00000000 00:00 0 
7f60dedf6000-7f60dedf7000 ---p 00000000 00:00 0 
7f60dedf7000-7f60dedfb000 ---p 00000000 00:00 0 
7f60dedfb000-7f60deef7000 rw-p 00000000 00:00 0 
7f60deef7000-7f60deef8000 ---p 00000000 00:00 0 
7f60deef8000-7f60deefc000 ---p 00000000 00:00 0 
7f60deefc000-7f60deff8000 rw-p 00000000 00:00 0 
7f60deff8000-7f60deff9000 ---p 00000000 00:00 0 
7f60deff9000-7f60df0f9000 rw-p 00000000 00:00 0 
7f60df0f9000-7f60df0fa000 ---p 00000000 00:00 0 
7f60df0fa000-7f60df1fa000 rw-p 00000000 00:00 0 
7f60df1fa000-7f60df1fb000 ---p 00000000 00:00 0 
7f60df1fb000-7f60df2fb000 rw-p 00000000 00:00 0 
7f60df2fb000-7f60df2fc000 ---p 00000000 00:00 0 
7f60df2fc000-7f60df3fc000 rw-p 00000000 00:00 0 
7f60df3fc000-7f60df3fd000 ---p 00000000 00:00 0 
7f60df3fd000-7f60df4fd000 rw-p 00000000 00:00 0 
7f60df4fd000-7f60df4fe000 ---p 00000000 00:00 0 
7f60df4fe000-7f60df5fe000 rw-p 00000000 00:00 0 
7f60df5fe000-7f60df5ff000 ---p 00000000 00:00 0 
7f60df5ff000-7f60df6ff000 rw-p 00000000 00:00 0 
7f60df6ff000-7f60df700000 ---p 00000000 00:00 0 
7f60df700000-7f60df800000 rw-p 00000000 00:00 0 
7f60df800000-7f60df803000 r-xp 00000000 00:21 2162                       /tmp/jansi-2.4.0-c18f841736197bd7-libjansi.so
7f60df803000-7f60dfa02000 ---p 00003000 00:21 2162                       /tmp/jansi-2.4.0-c18f841736197bd7-libjansi.so
7f60dfa02000-7f60dfa03000 rw-p 00002000 00:21 2162                       /tmp/jansi-2.4.0-c18f841736197bd7-libjansi.so
7f60dfafb000-7f60dfafc000 ---p 00000000 00:00 0 
7f60dfafc000-7f60dfbfc000 rw-p 00000000 00:00 0 
7f60dfbfc000-7f60dfbfd000 ---p 00000000 00:00 0 
7f60dfbfd000-7f60dfc01000 ---p 00000000 00:00 0 
7f60dfc01000-7f60dfcfd000 rw-p 00000000 00:00 0 
7f60dfcfd000-7f60dfcfe000 ---p 00000000 00:00 0 
7f60dfcfe000-7f60dfd02000 ---p 00000000 00:00 0 
7f60dfd02000-7f60dfdfe000 rw-p 00000000 00:00 0 
7f60dfdfe000-7f60dfdff000 ---p 00000000 00:00 0 
7f60dfdff000-7f60dfe03000 ---p 00000000 00:00 0 
7f60dfe03000-7f60dfeff000 rw-p 00000000 00:00 0 
7f60dfeff000-7f60dff00000 ---p 00000000 00:00 0 
7f60dff00000-7f60e0000000 rw-p 00000000 00:00 0 
7f60e0000000-7f60e0021000 rw-p 00000000 00:00 0 
7f60e0021000-7f60e4000000 ---p 00000000 00:00 0 
7f60e40f9000-7f60e40fa000 ---p 00000000 00:00 0 
7f60e40fa000-7f60e40fe000 ---p 00000000 00:00 0 
7f60e40fe000-7f60e41fa000 rw-p 00000000 00:00 0 
7f60e41fa000-7f60e41fb000 ---p 00000000 00:00 0 
7f60e41fb000-7f60e41ff000 ---p 00000000 00:00 0 
7f60e41ff000-7f60e42fb000 rw-p 00000000 00:00 0 
7f60e42fb000-7f60e42fc000 ---p 00000000 00:00 0 
7f60e42fc000-7f60e4300000 ---p 00000000 00:00 0 
7f60e4300000-7f60e43fc000 rw-p 00000000 00:00 0 
7f60e43fc000-7f60e43fd000 ---p 00000000 00:00 0 
7f60e43fd000-7f60e4401000 ---p 00000000 00:00 0 
7f60e4401000-7f60e44fd000 rw-p 00000000 00:00 0 
7f60e44fd000-7f60e44fe000 ---p 00000000 00:00 0 
7f60e44fe000-7f60e4502000 ---p 00000000 00:00 0 
7f60e4502000-7f60e45fe000 rw-p 00000000 00:00 0 
7f60e45fe000-7f60e45ff000 ---p 00000000 00:00 0 
7f60e45ff000-7f60e4603000 ---p 00000000 00:00 0 
7f60e4603000-7f60e46ff000 rw-p 00000000 00:00 0 
7f60e46ff000-7f60e4700000 ---p 00000000 00:00 0 
7f60e4700000-7f60e4704000 ---p 00000000 00:00 0 
7f60e4704000-7f60e4800000 rw-p 00000000 00:00 0 
7f60e4800000-7f60e4aea000 r--p 00000000 103:05 7754692                   /usr/lib/locale/locale-archive
7f60e4af3000-7f60e4af4000 ---p 00000000 00:00 0 
7f60e4af4000-7f60e4af8000 ---p 00000000 00:00 0 
7f60e4af8000-7f60e4bf4000 rw-p 00000000 00:00 0 
7f60e4bf4000-7f60e4bf5000 ---p 00000000 00:00 0 
7f60e4bf5000-7f60e4bf9000 ---p 00000000 00:00 0 
7f60e4bf9000-7f60e4cf5000 rw-p 00000000 00:00 0 
7f60e4cf5000-7f60e4cf6000 ---p 00000000 00:00 0 
7f60e4cf6000-7f60e4df6000 rw-p 00000000 00:00 0 
7f60e4df6000-7f60e4df7000 ---p 00000000 00:00 0 
7f60e4df7000-7f60e4ef7000 rw-p 00000000 00:00 0 
7f60e4ef7000-7f60e4ef8000 ---p 00000000 00:00 0 
7f60e4ef8000-7f60e4ff8000 rw-p 00000000 00:00 0 
7f60e4ff8000-7f60e7800000 rw-p 00000000 00:00 0 
7f60e782c000-7f60e7831000 r--p 00000000 103:05 10000431                  /home/andrea/.jbang/cache/jdks/17/lib/libjsvml.so
7f60e7831000-7f60e7872000 r-xp 00005000 103:05 10000431                  /home/andrea/.jbang/cache/jdks/17/lib/libjsvml.so
7f60e7872000-7f60e78fb000 r--p 00046000 103:05 10000431                  /home/andrea/.jbang/cache/jdks/17/lib/libjsvml.so
7f60e78fb000-7f60e78fc000 r--p 000ce000 103:05 10000431                  /home/andrea/.jbang/cache/jdks/17/lib/libjsvml.so
7f60e78fc000-7f60e78fd000 rw-p 000cf000 103:05 10000431                  /home/andrea/.jbang/cache/jdks/17/lib/libjsvml.so
7f60e78fd000-7f60e78fe000 ---p 00000000 00:00 0 
7f60e78fe000-7f60e79fe000 rw-p 00000000 00:00 0 
7f60e79fe000-7f60e79ff000 ---p 00000000 00:00 0 
7f60e79ff000-7f60e7aff000 rw-p 00000000 00:00 0 
7f60e7aff000-7f60e7b00000 ---p 00000000 00:00 0 
7f60e7b00000-7f60e7c00000 rw-p 00000000 00:00 0 
7f60e7c00000-7f60e8040000 rw-p 00000000 00:00 0 
7f60e8040000-7f60e80d0000 ---p 00000000 00:00 0 
7f60e80d0000-7f60e80f8000 rw-p 00000000 00:00 0 
7f60e80f8000-7f60eb7d0000 ---p 00000000 00:00 0 
7f60eb7d0000-7f60eb7e8000 rw-p 00000000 00:00 0 
7f60eb800000-7f60ebc40000 rw-p 00000000 00:00 0 
7f60ebc40000-7f60ebcd0000 ---p 00000000 00:00 0 
7f60ebcd0000-7f60ebcf8000 rw-p 00000000 00:00 0 
7f60ebcf8000-7f60ef3d0000 ---p 00000000 00:00 0 
7f60ef3d0000-7f60ef3e8000 rw-p 00000000 00:00 0 
7f60ef400000-7f60ef488000 rw-p 00000000 00:00 0 
7f60ef488000-7f60ef49a000 ---p 00000000 00:00 0 
7f60ef49a000-7f60ef49f000 rw-p 00000000 00:00 0 
7f60ef49f000-7f60efb7a000 ---p 00000000 00:00 0 
7f60efb7a000-7f60efb7d000 rw-p 00000000 00:00 0 
7f60efbdf000-7f60efc88000 rw-p 00000000 00:00 0 
7f60efc88000-7f60efc9a000 ---p 00000000 00:00 0 
7f60efc9a000-7f60efc9f000 rw-p 00000000 00:00 0 
7f60efc9f000-7f60f037a000 ---p 00000000 00:00 0 
7f60f037a000-7f60f037d000 rw-p 00000000 00:00 0 
7f60f037f000-7f60f0488000 rw-p 00000000 00:00 0 
7f60f0488000-7f60f049a000 ---p 00000000 00:00 0 
7f60f049a000-7f60f049f000 rw-p 00000000 00:00 0 
7f60f049f000-7f60f0b7a000 ---p 00000000 00:00 0 
7f60f0b7a000-7f60f0b7d000 rw-p 00000000 00:00 0 
7f60f0b8d000-7f60f0b91000 r--p 00000000 103:05 10000506                  /home/andrea/.jbang/cache/jdks/17/lib/libverify.so
7f60f0b91000-7f60f0b98000 r-xp 00004000 103:05 10000506                  /home/andrea/.jbang/cache/jdks/17/lib/libverify.so
7f60f0b98000-7f60f0b9a000 r--p 0000b000 103:05 10000506                  /home/andrea/.jbang/cache/jdks/17/lib/libverify.so
7f60f0b9a000-7f60f0b9c000 r--p 0000c000 103:05 10000506                  /home/andrea/.jbang/cache/jdks/17/lib/libverify.so
7f60f0b9c000-7f60f0b9d000 rw-p 0000e000 103:05 10000506                  /home/andrea/.jbang/cache/jdks/17/lib/libverify.so
7f60f0b9d000-7f60f1400000 rw-p 00000000 00:00 0 
7f60f1400000-7f60f1f20000 rwxp 00000000 00:00 0 
7f60f1f20000-7f60f8937000 ---p 00000000 00:00 0 
7f60f8937000-7f60f8ba7000 rwxp 00000000 00:00 0 
7f60f8ba7000-7f60f8ec9000 ---p 00000000 00:00 0 
7f60f8ec9000-7f60f91f9000 rwxp 00000000 00:00 0 
7f60f91f9000-7f6100400000 ---p 00000000 00:00 0 
7f6100400000-7f6107fc7000 r--s 00000000 103:05 9999676                   /home/andrea/.jbang/cache/jdks/17/lib/modules
7f6107fcf000-7f610986e000 rw-p 00000000 00:00 0 
7f610986e000-7f610c000000 ---p 00000000 00:00 0 
7f610c00c000-7f610c04d000 rw-p 00000000 00:00 0 
7f610c04e000-7f610c050000 r--p 00000000 103:05 10000509                  /home/andrea/.jbang/cache/jdks/17/lib/libzip.so
7f610c050000-7f610c062000 r-xp 00002000 103:05 10000509                  /home/andrea/.jbang/cache/jdks/17/lib/libzip.so
7f610c062000-7f610c06a000 r--p 00014000 103:05 10000509                  /home/andrea/.jbang/cache/jdks/17/lib/libzip.so
7f610c06a000-7f610c06b000 r--p 0001b000 103:05 10000509                  /home/andrea/.jbang/cache/jdks/17/lib/libzip.so
7f610c06b000-7f610c06c000 rw-p 0001c000 103:05 10000509                  /home/andrea/.jbang/cache/jdks/17/lib/libzip.so
7f610c06c000-7f610c070000 r--p 00000000 103:05 10000489                  /home/andrea/.jbang/cache/jdks/17/lib/libnet.so
7f610c070000-7f610c07e000 r-xp 00004000 103:05 10000489                  /home/andrea/.jbang/cache/jdks/17/lib/libnet.so
7f610c07e000-7f610c082000 r--p 00012000 103:05 10000489                  /home/andrea/.jbang/cache/jdks/17/lib/libnet.so
7f610c082000-7f610c083000 r--p 00015000 103:05 10000489                  /home/andrea/.jbang/cache/jdks/17/lib/libnet.so
7f610c083000-7f610c084000 rw-p 00016000 103:05 10000489                  /home/andrea/.jbang/cache/jdks/17/lib/libnet.so
7f610c084000-7f610c107000 rw-p 00000000 00:00 0 
7f610c107000-7f610c1eb000 ---p 00000000 00:00 0 
7f610c1eb000-7f610c202000 rw-p 00000000 00:00 0 
7f610c202000-7f610c2d6000 ---p 00000000 00:00 0 
7f610c2d6000-7f610c2e4000 r--p 00000000 103:05 10000432                  /home/andrea/.jbang/cache/jdks/17/lib/libjava.so
7f610c2e4000-7f610c2f6000 r-xp 0000e000 103:05 10000432                  /home/andrea/.jbang/cache/jdks/17/lib/libjava.so
7f610c2f6000-7f610c2fc000 r--p 00020000 103:05 10000432                  /home/andrea/.jbang/cache/jdks/17/lib/libjava.so
7f610c2fc000-7f610c2fd000 ---p 00026000 103:05 10000432                  /home/andrea/.jbang/cache/jdks/17/lib/libjava.so
7f610c2fd000-7f610c2fe000 r--p 00026000 103:05 10000432                  /home/andrea/.jbang/cache/jdks/17/lib/libjava.so
7f610c2fe000-7f610c2ff000 rw-p 00027000 103:05 10000432                  /home/andrea/.jbang/cache/jdks/17/lib/libjava.so
7f610c2ff000-7f610c300000 rw-p 00000000 00:00 0 
7f610c300000-7f610c304000 ---p 00000000 00:00 0 
7f610c304000-7f610c400000 rw-p 00000000 00:00 0 
7f610c400000-7f610c653000 r--p 00000000 103:05 10000497                  /home/andrea/.jbang/cache/jdks/17/lib/server/libjvm.so
7f610c653000-7f610d375000 r-xp 00253000 103:05 10000497                  /home/andrea/.jbang/cache/jdks/17/lib/server/libjvm.so
7f610d375000-7f610d601000 r--p 00f75000 103:05 10000497                  /home/andrea/.jbang/cache/jdks/17/lib/server/libjvm.so
7f610d601000-7f610d602000 ---p 01201000 103:05 10000497                  /home/andrea/.jbang/cache/jdks/17/lib/server/libjvm.so
7f610d602000-7f610d6bb000 r--p 01201000 103:05 10000497                  /home/andrea/.jbang/cache/jdks/17/lib/server/libjvm.so
7f610d6bb000-7f610d6f0000 rw-p 012ba000 103:05 10000497                  /home/andrea/.jbang/cache/jdks/17/lib/server/libjvm.so
7f610d6f0000-7f610d74a000 rw-p 00000000 00:00 0 
7f610d74a000-7f610d751000 r--s 00000000 103:05 7783764                   /usr/lib/x86_64-linux-gnu/gconv/gconv-modules.cache
7f610d751000-7f610d758000 r--p 00000000 103:05 10000490                  /home/andrea/.jbang/cache/jdks/17/lib/libnio.so
7f610d758000-7f610d761000 r-xp 00007000 103:05 10000490                  /home/andrea/.jbang/cache/jdks/17/lib/libnio.so
7f610d761000-7f610d765000 r--p 00010000 103:05 10000490                  /home/andrea/.jbang/cache/jdks/17/lib/libnio.so
7f610d765000-7f610d766000 ---p 00014000 103:05 10000490                  /home/andrea/.jbang/cache/jdks/17/lib/libnio.so
7f610d766000-7f610d767000 r--p 00014000 103:05 10000490                  /home/andrea/.jbang/cache/jdks/17/lib/libnio.so
7f610d767000-7f610d768000 rw-p 00015000 103:05 10000490                  /home/andrea/.jbang/cache/jdks/17/lib/libnio.so
7f610d768000-7f610d76c000 r--p 00000000 103:05 9999675                   /home/andrea/.jbang/cache/jdks/17/lib/libjimage.so
7f610d76c000-7f610d77f000 r-xp 00004000 103:05 9999675                   /home/andrea/.jbang/cache/jdks/17/lib/libjimage.so
7f610d77f000-7f610d785000 r--p 00017000 103:05 9999675                   /home/andrea/.jbang/cache/jdks/17/lib/libjimage.so
7f610d785000-7f610d787000 r--p 0001c000 103:05 9999675                   /home/andrea/.jbang/cache/jdks/17/lib/libjimage.so
7f610d787000-7f610d788000 rw-p 0001e000 103:05 9999675                   /home/andrea/.jbang/cache/jdks/17/lib/libjimage.so
7f610d788000-7f610d798000 r--p 00000000 103:05 7784058                   /usr/lib/x86_64-linux-gnu/libm.so.6
7f610d798000-7f610d80e000 r-xp 00010000 103:05 7784058                   /usr/lib/x86_64-linux-gnu/libm.so.6
7f610d80e000-7f610d868000 r--p 00086000 103:05 7784058                   /usr/lib/x86_64-linux-gnu/libm.so.6
7f610d868000-7f610d869000 r--p 000df000 103:05 7784058                   /usr/lib/x86_64-linux-gnu/libm.so.6
7f610d869000-7f610d86a000 rw-p 000e0000 103:05 7784058                   /usr/lib/x86_64-linux-gnu/libm.so.6
7f610d86a000-7f610d86b000 r--p 00000000 103:05 7785079                   /usr/lib/x86_64-linux-gnu/librt.so.1
7f610d86b000-7f610d86c000 r-xp 00001000 103:05 7785079                   /usr/lib/x86_64-linux-gnu/librt.so.1
7f610d86c000-7f610d86d000 r--p 00002000 103:05 7785079                   /usr/lib/x86_64-linux-gnu/librt.so.1
7f610d86d000-7f610d86e000 r--p 00002000 103:05 7785079                   /usr/lib/x86_64-linux-gnu/librt.so.1
7f610d86e000-7f610d86f000 rw-p 00003000 103:05 7785079                   /usr/lib/x86_64-linux-gnu/librt.so.1
7f610d86f000-7f610d871000 rw-p 00000000 00:00 0 
7f610d871000-7f610d897000 r--p 00000000 103:05 7784046                   /usr/lib/x86_64-linux-gnu/libc.so.6
7f610d897000-7f610d9ee000 r-xp 00026000 103:05 7784046                   /usr/lib/x86_64-linux-gnu/libc.so.6
7f610d9ee000-7f610da43000 r--p 0017d000 103:05 7784046                   /usr/lib/x86_64-linux-gnu/libc.so.6
7f610da43000-7f610da47000 r--p 001d1000 103:05 7784046                   /usr/lib/x86_64-linux-gnu/libc.so.6
7f610da47000-7f610da49000 rw-p 001d5000 103:05 7784046                   /usr/lib/x86_64-linux-gnu/libc.so.6
7f610da49000-7f610da56000 rw-p 00000000 00:00 0 
7f610da56000-7f610da57000 r--p 00000000 103:05 7784054                   /usr/lib/x86_64-linux-gnu/libdl.so.2
7f610da57000-7f610da58000 r-xp 00001000 103:05 7784054                   /usr/lib/x86_64-linux-gnu/libdl.so.2
7f610da58000-7f610da59000 r--p 00002000 103:05 7784054                   /usr/lib/x86_64-linux-gnu/libdl.so.2
7f610da59000-7f610da5a000 r--p 00002000 103:05 7784054                   /usr/lib/x86_64-linux-gnu/libdl.so.2
7f610da5a000-7f610da5b000 rw-p 00003000 103:05 7784054                   /usr/lib/x86_64-linux-gnu/libdl.so.2
7f610da5b000-7f610da5c000 r--p 00000000 103:05 7785075                   /usr/lib/x86_64-linux-gnu/libpthread.so.0
7f610da5c000-7f610da5d000 r-xp 00001000 103:05 7785075                   /usr/lib/x86_64-linux-gnu/libpthread.so.0
7f610da5d000-7f610da5e000 r--p 00002000 103:05 7785075                   /usr/lib/x86_64-linux-gnu/libpthread.so.0
7f610da5e000-7f610da5f000 r--p 00002000 103:05 7785075                   /usr/lib/x86_64-linux-gnu/libpthread.so.0
7f610da5f000-7f610da60000 rw-p 00003000 103:05 7785075                   /usr/lib/x86_64-linux-gnu/libpthread.so.0
7f610da60000-7f610da65000 rw-p 00000000 00:00 0 
7f610da65000-7f610da6c000 ---p 00000000 00:00 0 
7f610da6c000-7f610da74000 rw-s 00000000 00:21 2160                       /tmp/hsperfdata_andrea/57718
7f610da74000-7f610da75000 ---p 00000000 00:00 0 
7f610da75000-7f610da76000 r--p 00000000 00:00 0 
7f610da76000-7f610da77000 ---p 00000000 00:00 0 
7f610da77000-7f610da7a000 r--p 00000000 103:05 10000513                  /home/andrea/.jbang/cache/jdks/17/lib/libjli.so
7f610da7a000-7f610da8a000 r-xp 00003000 103:05 10000513                  /home/andrea/.jbang/cache/jdks/17/lib/libjli.so
7f610da8a000-7f610da91000 r--p 00013000 103:05 10000513                  /home/andrea/.jbang/cache/jdks/17/lib/libjli.so
7f610da91000-7f610da92000 r--p 00019000 103:05 10000513                  /home/andrea/.jbang/cache/jdks/17/lib/libjli.so
7f610da92000-7f610da93000 rw-p 0001a000 103:05 10000513                  /home/andrea/.jbang/cache/jdks/17/lib/libjli.so
7f610da93000-7f610da95000 rw-p 00000000 00:00 0 
7f610da95000-7f610da96000 r--p 00000000 103:05 7784034                   /usr/lib/x86_64-linux-gnu/ld-linux-x86-64.so.2
7f610da96000-7f610dabb000 r-xp 00001000 103:05 7784034                   /usr/lib/x86_64-linux-gnu/ld-linux-x86-64.so.2
7f610dabb000-7f610dac5000 r--p 00026000 103:05 7784034                   /usr/lib/x86_64-linux-gnu/ld-linux-x86-64.so.2
7f610dac5000-7f610dac7000 r--p 00030000 103:05 7784034                   /usr/lib/x86_64-linux-gnu/ld-linux-x86-64.so.2
7f610dac7000-7f610dac9000 rw-p 00032000 103:05 7784034                   /usr/lib/x86_64-linux-gnu/ld-linux-x86-64.so.2
7ffe879c5000-7ffe879e7000 rw-p 00000000 00:00 0                          [stack]
7ffe879f4000-7ffe879f8000 r--p 00000000 00:00 0                          [vvar]
7ffe879f8000-7ffe879fa000 r-xp 00000000 00:00 0                          [vdso]


VM Arguments:
jvm_args: -Dmaven.multiModuleProjectDirectory=/home/andrea/code-with-quarkus 
java_command: org.apache.maven.wrapper.MavenWrapperMain -Dstyle.color=always -DquarkusRegistryClient=true quarkus:dev
java_class_path (initial): /home/andrea/code-with-quarkus/.mvn/wrapper/maven-wrapper.jar
Launcher Type: SUN_STANDARD

[Global flags]
     intx CICompilerCount                          = 4                                         {product} {ergonomic}
     uint ConcGCThreads                            = 2                                         {product} {ergonomic}
     uint G1ConcRefinementThreads                  = 8                                         {product} {ergonomic}
   size_t G1HeapRegionSize                         = 2097152                                   {product} {ergonomic}
    uintx GCDrainStackTargetSize                   = 64                                        {product} {ergonomic}
   size_t InitialHeapSize                          = 251658240                                 {product} {ergonomic}
   size_t MarkStackSize                            = 4194304                                   {product} {ergonomic}
   size_t MaxHeapSize                              = 4020240384                                {product} {ergonomic}
   size_t MaxNewSize                               = 2411724800                                {product} {ergonomic}
   size_t MinHeapDeltaBytes                        = 2097152                                   {product} {ergonomic}
   size_t MinHeapSize                              = 8388608                                   {product} {ergonomic}
    uintx NonNMethodCodeHeapSize                   = 5839372                                {pd product} {ergonomic}
    uintx NonProfiledCodeHeapSize                  = 122909434                              {pd product} {ergonomic}
    uintx ProfiledCodeHeapSize                     = 122909434                              {pd product} {ergonomic}
    uintx ReservedCodeCacheSize                    = 251658240                              {pd product} {ergonomic}
     bool SegmentedCodeCache                       = true                                      {product} {ergonomic}
   size_t SoftMaxHeapSize                          = 4020240384                             {manageable} {ergonomic}
     bool UseCompressedClassPointers               = true                           {product lp64_product} {ergonomic}
     bool UseCompressedOops                        = true                           {product lp64_product} {ergonomic}
     bool UseG1GC                                  = true                                      {product} {ergonomic}

Logging:
Log output configuration:
 #0: stdout all=warning uptime,level,tags
 #1: stderr all=off uptime,level,tags

Environment Variables:
JAVA_HOME=/home/andrea/.jbang/currentjdk
PATH=/home/andrea/.jbang/bin:/home/andrea/.jbang/currentjdk/bin:/home/andrea/.jbang/bin:/home/andrea/.jbang/currentjdk/bin:/usr/local/bin:/usr/bin:/bin:/usr/local/games:/usr/games
SHELL=/bin/bash
DISPLAY=:1
LANG=en_US.UTF-8
TERM=xterm-256color

Active Locale:
LC_ALL=en_US.UTF-8
LC_COLLATE=en_US.UTF-8
LC_CTYPE=en_US.UTF-8
LC_MESSAGES=en_US.UTF-8
LC_MONETARY=en_US.UTF-8
LC_NUMERIC=en_US.UTF-8
LC_TIME=en_US.UTF-8

Signal Handlers:
   SIGSEGV: crash_handler in libjvm.so, mask=11100100010111111101111111111110, flags=SA_RESTART|SA_SIGINFO, unblocked
    SIGBUS: crash_handler in libjvm.so, mask=11100100010111111101111111111110, flags=SA_RESTART|SA_SIGINFO, unblocked
    SIGFPE: crash_handler in libjvm.so, mask=11100100010111111101111111111110, flags=SA_RESTART|SA_SIGINFO, unblocked
   SIGPIPE: javaSignalHandler in libjvm.so, mask=11100100010111111101111111111110, flags=SA_RESTART|SA_SIGINFO, blocked
   SIGXFSZ: javaSignalHandler in libjvm.so, mask=11100100010111111101111111111110, flags=SA_RESTART|SA_SIGINFO, blocked
    SIGILL: crash_handler in libjvm.so, mask=11100100010111111101111111111110, flags=SA_RESTART|SA_SIGINFO, unblocked
   SIGUSR2: SR_handler in libjvm.so, mask=00100000000000000000000000000000, flags=SA_RESTART|SA_SIGINFO, blocked
    SIGHUP: UserHandler in libjvm.so, mask=11100100010111111101111111111110, flags=SA_RESTART|SA_SIGINFO, blocked
    SIGINT: UserHandler in libjvm.so, mask=11100100010111111101111111111110, flags=SA_RESTART|SA_SIGINFO, blocked
   SIGTERM: UserHandler in libjvm.so, mask=11100100010111111101111111111110, flags=SA_RESTART|SA_SIGINFO, blocked
   SIGQUIT: UserHandler in libjvm.so, mask=11100100010111111101111111111110, flags=SA_RESTART|SA_SIGINFO, blocked
   SIGTRAP: crash_handler in libjvm.so, mask=11100100010111111101111111111110, flags=SA_RESTART|SA_SIGINFO, unblocked


Periodic native trim disabled


---------------  S Y S T E M  ---------------

OS:
PRETTY_NAME="Debian GNU/Linux trixie/sid"
NAME="Debian GNU/Linux"
VERSION_CODENAME=trixie
ID=debian
HOME_URL="https://www.debian.org/"
SUPPORT_URL="https://www.debian.org/support"
BUG_REPORT_URL="https://bugs.debian.org/"
uname: Linux 6.8.12-amd64 #1 SMP PREEMPT_DYNAMIC Debian 6.8.12-1 (2024-05-31) x86_64
OS uptime: 0 days 0:50 hours
libc: glibc 2.38 NPTL 2.38 
rlimit (soft/hard): STACK 8192k/infinity , CORE infinity/infinity , NPROC 61057/61057 , NOFILE 1073741816/1073741816 , AS infinity/infinity , CPU infinity/infinity , DATA infinity/infinity , FSIZE infinity/infinity , MEMLOCK 1962960k/1962960k
load average: 2.02 2.69 3.19

/proc/meminfo:
MemTotal:       15703700 kB
MemFree:          825504 kB
MemAvailable:    1566448 kB
Buffers:           29380 kB
Cached:          6917268 kB
SwapCached:            0 kB
Active:          7875436 kB
Inactive:        3744188 kB
Active(anon):    7405800 kB
Inactive(anon):  3282052 kB
Active(file):     469636 kB
Inactive(file):   462136 kB
Unevictable:     2516716 kB
Mlocked:         1482416 kB
SwapTotal:             0 kB
SwapFree:              0 kB
Zswap:                 0 kB
Zswapped:              0 kB
Dirty:               232 kB
Writeback:             0 kB
AnonPages:       7184664 kB
Mapped:          1201400 kB
Shmem:           5850924 kB
KReclaimable:     124668 kB
Slab:             272080 kB
SReclaimable:     124668 kB
SUnreclaim:       147412 kB
KernelStack:       23152 kB
PageTables:       159180 kB
SecPageTables:         0 kB
NFS_Unstable:          0 kB
Bounce:                0 kB
WritebackTmp:          0 kB
CommitLimit:     7851848 kB
Committed_AS:   27677960 kB
VmallocTotal:   34359738367 kB
VmallocUsed:       57284 kB
VmallocChunk:          0 kB
Percpu:             6304 kB
HardwareCorrupted:     0 kB
AnonHugePages:   2732032 kB
ShmemHugePages:   905216 kB
ShmemPmdMapped:        0 kB
FileHugePages:         0 kB
FilePmdMapped:         0 kB
Unaccepted:            0 kB
HugePages_Total:       0
HugePages_Free:        0
HugePages_Rsvd:        0
HugePages_Surp:        0
Hugepagesize:       2048 kB
Hugetlb:               0 kB
DirectMap4k:      305840 kB
DirectMap2M:     7393280 kB
DirectMap1G:     8388608 kB

/sys/kernel/mm/transparent_hugepage/enabled: [always] madvise never
/sys/kernel/mm/transparent_hugepage/hpage_pmd_size: 2097152
/sys/kernel/mm/transparent_hugepage/defrag (defrag/compaction efforts parameter): always defer defer+madvise [madvise] never

Process Memory:
Virtual Size: 8325384K (peak: 8385964K)
Resident Set Size: 445876K (peak: 445876K) (anon: 424740K, file: 21136K, shmem: 0K)
Swapped out: 0K
C-Heap outstanding allocations: 107149K, retained: 10602K
glibc malloc tunables: (default)

/proc/sys/kernel/threads-max (system-wide limit on the number of threads): 122115
/proc/sys/vm/max_map_count (maximum number of memory map areas a process may have): 65530
/proc/sys/kernel/pid_max (system-wide limit on number of process identifiers): 4194304

container (cgroup) information:
container_type: cgroupv2
cpu_cpuset_cpus: not supported
cpu_memory_nodes: not supported
active_processor_count: 8
cpu_quota: not supported
cpu_period: not supported
cpu_shares: not supported
memory_limit_in_bytes: unlimited
memory_and_swap_limit_in_bytes: unlimited
memory_soft_limit_in_bytes: unlimited
memory_usage_in_bytes: 3367388 k
memory_max_usage_in_bytes: not supported
memory_swap_current_in_bytes: unlimited
memory_swap_max_limit_in_bytes: unlimited
maximum number of tasks: 18317
current number of tasks: 408

Steal ticks since vm start: 0
Steal ticks percentage since vm start:  0.000

CPU: total 8 (initial active 8) (4 cores per cpu, 2 threads per core) family 6 model 142 stepping 12 microcode 0xfa, cx8, cmov, fxsr, ht, mmx, 3dnowpref, sse, sse2, sse3, ssse3, sse4.1, sse4.2, popcnt, lzcnt, tsc, tscinvbit, avx, avx2, aes, erms, clmul, bmi1, bmi2, rtm, adx, fma, vzeroupper, clflush, clflushopt
CPU Model and flags from /proc/cpuinfo:
model name	: Intel(R) Core(TM) i5-8365U CPU @ 1.60GHz
flags		: fpu vme de pse tsc msr pae mce cx8 apic sep mtrr pge mca cmov pat pse36 clflush dts acpi mmx fxsr sse sse2 ss ht tm pbe syscall nx pdpe1gb rdtscp lm constant_tsc art arch_perfmon pebs bts rep_good nopl xtopology nonstop_tsc cpuid aperfmperf pni pclmulqdq dtes64 monitor ds_cpl vmx smx est tm2 ssse3 sdbg fma cx16 xtpr pdcm pcid sse4_1 sse4_2 x2apic movbe popcnt tsc_deadline_timer aes xsave avx f16c rdrand lahf_lm abm 3dnowprefetch cpuid_fault epb ssbd ibrs ibpb stibp ibrs_enhanced tpr_shadow flexpriority ept vpid ept_ad fsgsbase tsc_adjust bmi1 avx2 smep bmi2 erms invpcid mpx rdseed adx smap clflushopt intel_pt xsaveopt xsavec xgetbv1 xsaves dtherm ida arat pln pts hwp hwp_notify hwp_act_window hwp_epp vnmi md_clear flush_l1d arch_capabilities

Online cpus: 0-7
Offline cpus: 
BIOS frequency limitation: <Not Available>
Frequency switch latency (ns): 0
Available cpu frequencies: <Not Available>
Current governor: powersave
Core performance/turbo boost: <Not Available>

Memory: 4k page, physical 15703700k(825504k free), swap 0k(0k free)
Page Sizes: 4k

vm_info: OpenJDK 64-Bit Server VM (17.0.11+9) for linux-amd64 JRE (17.0.11+9), built on Apr 16 2024 00:00:00 by "admin" with gcc 10.3.0

END.
